Using pre-set license
Built from '2020.3/release' branch; Version is '2020.3.15f2 (6cf78cb77498) revision 7141260'; Using compiler version '192528614'; Build Type 'Release'
OS: 'Windows 10 Pro; OS build 19043.1165; Version 2009; 64bit' Language: 'pt' Physical Memory: 16303 MB
BatchMode: 1, IsHumanControllingUs: 0, StartBugReporterOnCrash: 0, Is64bit: 1, IsPro: 0

 COMMAND LINE ARGUMENTS:
C:\Program Files\UnityEditor\2020.3.15f2\Editor\Unity.exe
-adb2
-batchMode
-noUpm
-name
AssetImportWorker0
-projectPath
C:/Users/hiago/Desktop/Unity Stuff/2dgame-project
-logFile
Logs/AssetImportWorker0.log
-srvPort
56991
Successfully changed project path to: C:/Users/hiago/Desktop/Unity Stuff/2dgame-project
C:/Users/hiago/Desktop/Unity Stuff/2dgame-project
Using Asset Import Pipeline V2.
Refreshing native plugins compatible for Editor in 61.20 ms, found 3 plugins.
Preloading 0 native plugins for Editor in 0.00 ms.
Initialize engine version: 2020.3.15f2 (6cf78cb77498)
[Subsystems] Discovering subsystems at path C:/Program Files/UnityEditor/2020.3.15f2/Editor/Data/Resources/UnitySubsystems
[Subsystems] Discovering subsystems at path C:/Users/hiago/Desktop/Unity Stuff/2dgame-project/Assets
GfxDevice: creating device client; threaded=0
Direct3D:
    Version:  Direct3D 11.0 [level 11.1]
    Renderer: NVIDIA GeForce GTX 1060 3GB (ID=0x1c02)
    Vendor:   
    VRAM:     2988 MB
    Driver:   30.0.14.7168
Initialize mono
Mono path[0] = 'C:/Program Files/UnityEditor/2020.3.15f2/Editor/Data/Managed'
Mono path[1] = 'C:/Program Files/UnityEditor/2020.3.15f2/Editor/Data/MonoBleedingEdge/lib/mono/unityjit'
Mono config path = 'C:/Program Files/UnityEditor/2020.3.15f2/Editor/Data/MonoBleedingEdge/etc'
Using monoOptions --debugger-agent=transport=dt_socket,embedding=1,server=y,suspend=n,address=127.0.0.1:56300
Begin MonoManager ReloadAssembly
Registering precompiled unity dll's ...
Register platform support module: C:/Program Files/UnityEditor/2020.3.15f2/Editor/Data/PlaybackEngines/WebGLSupport/UnityEditor.WebGL.Extensions.dll
Register platform support module: C:/Program Files/UnityEditor/2020.3.15f2/Editor/Data/PlaybackEngines/WindowsStandaloneSupport/UnityEditor.WindowsStandalone.Extensions.dll
Registered in 0.003414 seconds.
Native extension for WindowsStandalone target not found
Native extension for WebGL target not found
Refreshing native plugins compatible for Editor in 56.76 ms, found 3 plugins.
Preloading 0 native plugins for Editor in 0.00 ms.
Mono: successfully reloaded assembly
- Completed reload, in  2.855 seconds
Domain Reload Profiling:
	ReloadAssembly (2855ms)
		BeginReloadAssembly (72ms)
			ExecutionOrderSort (0ms)
			DisableScriptedObjects (0ms)
			BackupInstance (0ms)
			ReleaseScriptingObjects (0ms)
			CreateAndSetChildDomain (1ms)
		EndReloadAssembly (540ms)
			LoadAssemblies (69ms)
			RebuildTransferFunctionScriptingTraits (0ms)
			SetupTypeCache (188ms)
			ReleaseScriptCaches (0ms)
			RebuildScriptCaches (40ms)
			SetupLoadedEditorAssemblies (222ms)
				LogAssemblyErrors (0ms)
				InitializePlatformSupportModulesInManaged (6ms)
				SetLoadedEditorAssemblies (0ms)
				RefreshPlugins (57ms)
				BeforeProcessingInitializeOnLoad (18ms)
				ProcessInitializeOnLoadAttributes (106ms)
				ProcessInitializeOnLoadMethodAttributes (35ms)
				AfterProcessingInitializeOnLoad (0ms)
				EditorAssembliesLoaded (0ms)
			ExecutionOrderSort2 (0ms)
			AwakeInstancesAfterBackupRestoration (0ms)
Platform modules already initialized, skipping
Registering precompiled user dll's ...
Registered in 0.005687 seconds.
Begin MonoManager ReloadAssembly
Native extension for WindowsStandalone target not found
Native extension for WebGL target not found
Refreshing native plugins compatible for Editor in 54.89 ms, found 3 plugins.
Preloading 0 native plugins for Editor in 0.00 ms.
Mono: successfully reloaded assembly
- Completed reload, in  1.540 seconds
Domain Reload Profiling:
	ReloadAssembly (1541ms)
		BeginReloadAssembly (187ms)
			ExecutionOrderSort (0ms)
			DisableScriptedObjects (6ms)
			BackupInstance (0ms)
			ReleaseScriptingObjects (0ms)
			CreateAndSetChildDomain (21ms)
		EndReloadAssembly (1273ms)
			LoadAssemblies (118ms)
			RebuildTransferFunctionScriptingTraits (0ms)
			SetupTypeCache (372ms)
			ReleaseScriptCaches (1ms)
			RebuildScriptCaches (67ms)
			SetupLoadedEditorAssemblies (551ms)
				LogAssemblyErrors (0ms)
				InitializePlatformSupportModulesInManaged (6ms)
				SetLoadedEditorAssemblies (0ms)
				RefreshPlugins (55ms)
				BeforeProcessingInitializeOnLoad (106ms)
				ProcessInitializeOnLoadAttributes (359ms)
				ProcessInitializeOnLoadMethodAttributes (15ms)
				AfterProcessingInitializeOnLoad (9ms)
				EditorAssembliesLoaded (0ms)
			ExecutionOrderSort2 (0ms)
			AwakeInstancesAfterBackupRestoration (9ms)
Platform modules already initialized, skipping
========================================================================
Worker process is ready to serve import requests
Launched and connected shader compiler UnityShaderCompiler.exe after 0.08 seconds
Refreshing native plugins compatible for Editor in 0.65 ms, found 3 plugins.
Preloading 0 native plugins for Editor in 0.00 ms.
Unloading 2092 Unused Serialized files (Serialized files now loaded: 0)
System memory in use before: 93.2 MB.
System memory in use after: 93.2 MB.

Unloading 28 unused Assets to reduce memory usage. Loaded Objects now: 2531.
Total: 2.728200 ms (FindLiveObjects: 0.195300 ms CreateObjectMapping: 0.091800 ms MarkObjects: 2.346400 ms  DeleteObjects: 0.093100 ms)

AssetImportParameters requested are different than current active one (requested -> active):
  custom:framework-win-MediaFoundation: 216162199b28c13a410421893ffa2e32 -> 
  custom:video-decoder-ogg-theora: a1e56fd34408186e4bbccfd4996cb3dc -> 
  custom:container-muxer-webm: aa71ff27fc2769a1b78a27578f13a17b -> 
  custom:container-demuxer-webm: 4f35f7cbe854078d1ac9338744f61a02 -> 
  custom:container-demuxer-ogg: 62fdf1f143b41e24485cea50d1cbac27 -> 
  custom:video-encoder-webm-vp8: eb34c28f22e8b96e1ab97ce403110664 -> 
  custom:video-decoder-webm-vp8: 9c59270c3fd7afecdb556c50c9e8de78 -> 
  custom:audio-decoder-ogg-vorbis: bf7c407c2cedff20999df2af8eb42d56 -> 
  custom:audio-encoder-webm-vorbis: bf7c407c2cedff20999df2af8eb42d56 -> 
========================================================================
Received Import Request.
  path: Assets/Art/Sprites/Environmnent/MetalCube.png
  artifactKey: Guid(b9244d299d06eea4fa3e8b8b6da46af5) Importer(815301076,1909f56bfc062723c751e8b465ee728b)
Start importing Assets/Art/Sprites/Environmnent/MetalCube.png using Guid(b9244d299d06eea4fa3e8b8b6da46af5) Importer(815301076,1909f56bfc062723c751e8b465ee728b)  -> (artifact id: '8826bbf9c14fdaa0dfe8594916d25452') in 0.152422 seconds 
  Import took 0.156217 seconds .

========================================================================
Received Import Request.
  Time since last request: 24.267705 seconds.
  path: Assets/Art/Sprites/Environmnent/MetalCube.png
  artifactKey: Guid(b9244d299d06eea4fa3e8b8b6da46af5) Importer(815301076,1909f56bfc062723c751e8b465ee728b)
Start importing Assets/Art/Sprites/Environmnent/MetalCube.png using Guid(b9244d299d06eea4fa3e8b8b6da46af5) Importer(815301076,1909f56bfc062723c751e8b465ee728b)  -> (artifact id: '129415f0c73567971cbeb3f7d345170a') in 0.017888 seconds 
  Import took 0.021958 seconds .

========================================================================
Received Import Request.
  Time since last request: 10.668492 seconds.
  path: Assets/Art/Sprites/Environmnent/MetalCube.png
  artifactKey: Guid(b9244d299d06eea4fa3e8b8b6da46af5) Importer(815301076,1909f56bfc062723c751e8b465ee728b)
Start importing Assets/Art/Sprites/Environmnent/MetalCube.png using Guid(b9244d299d06eea4fa3e8b8b6da46af5) Importer(815301076,1909f56bfc062723c751e8b465ee728b)  -> (artifact id: '69e0ed7f49a56a7e6eceb66a82ff809a') in 0.016704 seconds 
  Import took 0.020740 seconds .

========================================================================
Received Prepare
Registering precompiled user dll's ...
Registered in 0.005904 seconds.
Begin MonoManager ReloadAssembly
Native extension for WindowsStandalone target not found
Native extension for WebGL target not found
Refreshing native plugins compatible for Editor in 0.60 ms, found 3 plugins.
Preloading 0 native plugins for Editor in 0.00 ms.
Mono: successfully reloaded assembly
- Completed reload, in  1.401 seconds
Domain Reload Profiling:
	ReloadAssembly (1401ms)
		BeginReloadAssembly (146ms)
			ExecutionOrderSort (0ms)
			DisableScriptedObjects (9ms)
			BackupInstance (0ms)
			ReleaseScriptingObjects (0ms)
			CreateAndSetChildDomain (41ms)
		EndReloadAssembly (1170ms)
			LoadAssemblies (123ms)
			RebuildTransferFunctionScriptingTraits (0ms)
			SetupTypeCache (379ms)
			ReleaseScriptCaches (1ms)
			RebuildScriptCaches (57ms)
			SetupLoadedEditorAssemblies (474ms)
				LogAssemblyErrors (0ms)
				InitializePlatformSupportModulesInManaged (7ms)
				SetLoadedEditorAssemblies (1ms)
				RefreshPlugins (1ms)
				BeforeProcessingInitializeOnLoad (105ms)
				ProcessInitializeOnLoadAttributes (344ms)
				ProcessInitializeOnLoadMethodAttributes (7ms)
				AfterProcessingInitializeOnLoad (10ms)
				EditorAssembliesLoaded (0ms)
			ExecutionOrderSort2 (0ms)
			AwakeInstancesAfterBackupRestoration (14ms)
Platform modules already initialized, skipping
Refreshing native plugins compatible for Editor in 0.61 ms, found 3 plugins.
Preloading 0 native plugins for Editor in 0.00 ms.
Unloading 2082 Unused Serialized files (Serialized files now loaded: 0)
System memory in use before: 95.6 MB.
System memory in use after: 95.7 MB.

Unloading 16 unused Assets to reduce memory usage. Loaded Objects now: 2540.
Total: 2.658500 ms (FindLiveObjects: 0.185300 ms CreateObjectMapping: 0.096300 ms MarkObjects: 2.343800 ms  DeleteObjects: 0.031500 ms)

AssetImportParameters requested are different than current active one (requested -> active):
  custom:framework-win-MediaFoundation: 216162199b28c13a410421893ffa2e32 -> 
  custom:video-decoder-ogg-theora: a1e56fd34408186e4bbccfd4996cb3dc -> 
  custom:container-muxer-webm: aa71ff27fc2769a1b78a27578f13a17b -> 
  custom:container-demuxer-webm: 4f35f7cbe854078d1ac9338744f61a02 -> 
  custom:container-demuxer-ogg: 62fdf1f143b41e24485cea50d1cbac27 -> 
  custom:video-encoder-webm-vp8: eb34c28f22e8b96e1ab97ce403110664 -> 
  custom:video-decoder-webm-vp8: 9c59270c3fd7afecdb556c50c9e8de78 -> 
  custom:audio-decoder-ogg-vorbis: bf7c407c2cedff20999df2af8eb42d56 -> 
  custom:audio-encoder-webm-vorbis: bf7c407c2cedff20999df2af8eb42d56 -> 
========================================================================
Received Import Request.
  Time since last request: 2083.775891 seconds.
  path: Assets/Art/Ruby.png
  artifactKey: Guid(7caa7b617a20f224690ff6bb8dec58ef) Importer(815301076,1909f56bfc062723c751e8b465ee728b)
Start importing Assets/Art/Ruby.png using Guid(7caa7b617a20f224690ff6bb8dec58ef) Importer(815301076,1909f56bfc062723c751e8b465ee728b)  -> (artifact id: '99c76817a6ce80035603be4d6e1facea') in 0.080205 seconds 
  Import took 0.084257 seconds .

========================================================================
Received Prepare
Registering precompiled user dll's ...
Registered in 0.005444 seconds.
Begin MonoManager ReloadAssembly
Native extension for WindowsStandalone target not found
Native extension for WebGL target not found
Refreshing native plugins compatible for Editor in 0.62 ms, found 3 plugins.
Preloading 0 native plugins for Editor in 0.00 ms.
Mono: successfully reloaded assembly
- Completed reload, in  1.434 seconds
Domain Reload Profiling:
	ReloadAssembly (1435ms)
		BeginReloadAssembly (148ms)
			ExecutionOrderSort (0ms)
			DisableScriptedObjects (8ms)
			BackupInstance (0ms)
			ReleaseScriptingObjects (0ms)
			CreateAndSetChildDomain (42ms)
		EndReloadAssembly (1201ms)
			LoadAssemblies (121ms)
			RebuildTransferFunctionScriptingTraits (0ms)
			SetupTypeCache (379ms)
			ReleaseScriptCaches (1ms)
			RebuildScriptCaches (58ms)
			SetupLoadedEditorAssemblies (503ms)
				LogAssemblyErrors (0ms)
				InitializePlatformSupportModulesInManaged (7ms)
				SetLoadedEditorAssemblies (1ms)
				RefreshPlugins (1ms)
				BeforeProcessingInitializeOnLoad (106ms)
				ProcessInitializeOnLoadAttributes (371ms)
				ProcessInitializeOnLoadMethodAttributes (7ms)
				AfterProcessingInitializeOnLoad (10ms)
				EditorAssembliesLoaded (0ms)
			ExecutionOrderSort2 (0ms)
			AwakeInstancesAfterBackupRestoration (15ms)
Platform modules already initialized, skipping
Refreshing native plugins compatible for Editor in 0.63 ms, found 3 plugins.
Preloading 0 native plugins for Editor in 0.00 ms.
Unloading 2082 Unused Serialized files (Serialized files now loaded: 0)
System memory in use before: 95.6 MB.
System memory in use after: 95.7 MB.

Unloading 16 unused Assets to reduce memory usage. Loaded Objects now: 2546.
Total: 2.767500 ms (FindLiveObjects: 0.190400 ms CreateObjectMapping: 0.097000 ms MarkObjects: 2.458400 ms  DeleteObjects: 0.020000 ms)

AssetImportParameters requested are different than current active one (requested -> active):
  custom:framework-win-MediaFoundation: 216162199b28c13a410421893ffa2e32 -> 
  custom:video-decoder-ogg-theora: a1e56fd34408186e4bbccfd4996cb3dc -> 
  custom:container-muxer-webm: aa71ff27fc2769a1b78a27578f13a17b -> 
  custom:container-demuxer-webm: 4f35f7cbe854078d1ac9338744f61a02 -> 
  custom:container-demuxer-ogg: 62fdf1f143b41e24485cea50d1cbac27 -> 
  custom:video-encoder-webm-vp8: eb34c28f22e8b96e1ab97ce403110664 -> 
  custom:video-decoder-webm-vp8: 9c59270c3fd7afecdb556c50c9e8de78 -> 
  custom:audio-decoder-ogg-vorbis: bf7c407c2cedff20999df2af8eb42d56 -> 
  custom:audio-encoder-webm-vorbis: bf7c407c2cedff20999df2af8eb42d56 -> 
========================================================================
Received Import Request.
  Time since last request: 90.380088 seconds.
  path: Assets/Art/Tiles/FirstTile.prefab
  artifactKey: Guid(dead829ed214c304ca8222cbacb371e5) Importer(815301076,1909f56bfc062723c751e8b465ee728b)
Start importing Assets/Art/Tiles/FirstTile.prefab using Guid(dead829ed214c304ca8222cbacb371e5) Importer(815301076,1909f56bfc062723c751e8b465ee728b)  -> (artifact id: 'fadf974d971b12fe85b656a18ddadfce') in 0.096234 seconds 
  Import took 0.100768 seconds .

========================================================================
Received Import Request.
  Time since last request: 89.514273 seconds.
  path: Assets/Prefabs
  artifactKey: Guid(6e6fdd2a8b9c1164591044d4e7921711) Importer(815301076,1909f56bfc062723c751e8b465ee728b)
Start importing Assets/Prefabs using Guid(6e6fdd2a8b9c1164591044d4e7921711) Importer(815301076,1909f56bfc062723c751e8b465ee728b)  -> (artifact id: '5b18dcc1f980179b8263e6961c1ef8d4') in 0.007377 seconds 
  Import took 0.011479 seconds .

========================================================================
Received Import Request.
  Time since last request: 3.179436 seconds.
  path: Assets/Prefabs/MetalCube.prefab
  artifactKey: Guid(7d1a9fea910ea2948b0ed5238ed4afa0) Importer(815301076,1909f56bfc062723c751e8b465ee728b)
Start importing Assets/Prefabs/MetalCube.prefab using Guid(7d1a9fea910ea2948b0ed5238ed4afa0) Importer(815301076,1909f56bfc062723c751e8b465ee728b)  -> (artifact id: 'ce7e286a7b622f243df201a3ee28691c') in 0.013037 seconds 
  Import took 0.016929 seconds .

========================================================================
Received Import Request.
  Time since last request: 0.025023 seconds.
  path: Assets/Prefabs/MetalCube.prefab
  artifactKey: Guid(7d1a9fea910ea2948b0ed5238ed4afa0) Importer(815301076,1909f56bfc062723c751e8b465ee728b)
Start importing Assets/Prefabs/MetalCube.prefab using Guid(7d1a9fea910ea2948b0ed5238ed4afa0) Importer(815301076,1909f56bfc062723c751e8b465ee728b)  -> (artifact id: 'ce7e286a7b622f243df201a3ee28691c') in 0.010229 seconds 
  Import took 0.014315 seconds .

========================================================================
Received Import Request.
  Time since last request: 211.608070 seconds.
  path: Assets/Prefabs/MetalCube.prefab
  artifactKey: Guid(7d1a9fea910ea2948b0ed5238ed4afa0) Importer(815301076,1909f56bfc062723c751e8b465ee728b)
Start importing Assets/Prefabs/MetalCube.prefab using Guid(7d1a9fea910ea2948b0ed5238ed4afa0) Importer(815301076,1909f56bfc062723c751e8b465ee728b)  -> (artifact id: '8fa681395cfe2de58cf9572905c702e2') in 0.012912 seconds 
  Import took 0.018211 seconds .

========================================================================
Received Import Request.
  Time since last request: 78.157824 seconds.
  path: Assets/Prefabs/MetalCube.prefab
  artifactKey: Guid(7d1a9fea910ea2948b0ed5238ed4afa0) Importer(815301076,1909f56bfc062723c751e8b465ee728b)
Start importing Assets/Prefabs/MetalCube.prefab using Guid(7d1a9fea910ea2948b0ed5238ed4afa0) Importer(815301076,1909f56bfc062723c751e8b465ee728b)  -> (artifact id: '2dfda99c870e0aaff3149539642d73f2') in 0.012619 seconds 
  Import took 0.016712 seconds .

========================================================================
Received Import Request.
  Time since last request: 1272.293798 seconds.
  path: Assets/Art/Sprites/Environmnent/GrassSmall.png
  artifactKey: Guid(8f629954bb45aa74a8bf21f8e6b95975) Importer(815301076,1909f56bfc062723c751e8b465ee728b)
Start importing Assets/Art/Sprites/Environmnent/GrassSmall.png using Guid(8f629954bb45aa74a8bf21f8e6b95975) Importer(815301076,1909f56bfc062723c751e8b465ee728b)  -> (artifact id: '02b9c704894838238b8ae174b0c15d45') in 0.046340 seconds 
  Import took 0.051011 seconds .

========================================================================
Received Import Request.
  Time since last request: 9.138399 seconds.
  path: Assets/Art/Sprites/Environmnent/GrassSmall.png
  artifactKey: Guid(8f629954bb45aa74a8bf21f8e6b95975) Importer(815301076,1909f56bfc062723c751e8b465ee728b)
Start importing Assets/Art/Sprites/Environmnent/GrassSmall.png using Guid(8f629954bb45aa74a8bf21f8e6b95975) Importer(815301076,1909f56bfc062723c751e8b465ee728b)  -> (artifact id: '97b2513643fcacead1a2674c5f8b3ab5') in 0.018531 seconds 
  Import took 0.022623 seconds .

========================================================================
Received Import Request.
  Time since last request: 0.005416 seconds.
  path: Assets/Art/Sprites/Environmnent/GrassSmall.png
  artifactKey: Guid(8f629954bb45aa74a8bf21f8e6b95975) Importer(815301076,1909f56bfc062723c751e8b465ee728b)
Start importing Assets/Art/Sprites/Environmnent/GrassSmall.png using Guid(8f629954bb45aa74a8bf21f8e6b95975) Importer(815301076,1909f56bfc062723c751e8b465ee728b)  -> (artifact id: '97b2513643fcacead1a2674c5f8b3ab5') in 0.023292 seconds 
  Import took 0.029405 seconds .

========================================================================
Received Import Request.
  Time since last request: 686.920208 seconds.
  path: Assets/Art/Sprites/Environmnent/GrassSmall.png
  artifactKey: Guid(8f629954bb45aa74a8bf21f8e6b95975) Importer(815301076,1909f56bfc062723c751e8b465ee728b)
Start importing Assets/Art/Sprites/Environmnent/GrassSmall.png using Guid(8f629954bb45aa74a8bf21f8e6b95975) Importer(815301076,1909f56bfc062723c751e8b465ee728b)  -> (artifact id: 'c18c25928b9d77a54701a06de3adaf0b') in 0.020788 seconds 
  Import took 0.025469 seconds .

========================================================================
Received Import Request.
  Time since last request: 0.040345 seconds.
  path: Assets/Art/Sprites/Environmnent/GrassSmall.png
  artifactKey: Guid(8f629954bb45aa74a8bf21f8e6b95975) Importer(815301076,1909f56bfc062723c751e8b465ee728b)
Start importing Assets/Art/Sprites/Environmnent/GrassSmall.png using Guid(8f629954bb45aa74a8bf21f8e6b95975) Importer(815301076,1909f56bfc062723c751e8b465ee728b)  -> (artifact id: 'c18c25928b9d77a54701a06de3adaf0b') in 0.018738 seconds 
  Import took 0.022775 seconds .

========================================================================
Received Import Request.
  Time since last request: 13.884443 seconds.
  path: Assets/Prefabs/GrassSmall.prefab
  artifactKey: Guid(67171c9ca1434804093602c4a1cdcd2d) Importer(815301076,1909f56bfc062723c751e8b465ee728b)
Start importing Assets/Prefabs/GrassSmall.prefab using Guid(67171c9ca1434804093602c4a1cdcd2d) Importer(815301076,1909f56bfc062723c751e8b465ee728b)  -> (artifact id: '516c4cbcc82868efb1bbf016b9dd33b7') in 0.018052 seconds 
  Import took 0.022189 seconds .

========================================================================
Received Import Request.
  Time since last request: 0.008493 seconds.
  path: Assets/Prefabs/GrassSmall.prefab
  artifactKey: Guid(67171c9ca1434804093602c4a1cdcd2d) Importer(815301076,1909f56bfc062723c751e8b465ee728b)
Start importing Assets/Prefabs/GrassSmall.prefab using Guid(67171c9ca1434804093602c4a1cdcd2d) Importer(815301076,1909f56bfc062723c751e8b465ee728b)  -> (artifact id: '516c4cbcc82868efb1bbf016b9dd33b7') in 0.013593 seconds 
  Import took 0.018244 seconds .

========================================================================
Received Import Request.
  Time since last request: 28.185891 seconds.
  path: Assets/Art/Sprites/Environmnent/LotusFlower.png
  artifactKey: Guid(010b5c856073f70428956b10534fd3a6) Importer(815301076,1909f56bfc062723c751e8b465ee728b)
Start importing Assets/Art/Sprites/Environmnent/LotusFlower.png using Guid(010b5c856073f70428956b10534fd3a6) Importer(815301076,1909f56bfc062723c751e8b465ee728b)  -> (artifact id: '668586a3ce0d08106a946b2d42fce758') in 0.019989 seconds 
  Import took 0.024075 seconds .

========================================================================
Received Import Request.
  Time since last request: 0.003347 seconds.
  path: Assets/Art/Sprites/Environmnent/LotusFlower.png
  artifactKey: Guid(010b5c856073f70428956b10534fd3a6) Importer(815301076,1909f56bfc062723c751e8b465ee728b)
Start importing Assets/Art/Sprites/Environmnent/LotusFlower.png using Guid(010b5c856073f70428956b10534fd3a6) Importer(815301076,1909f56bfc062723c751e8b465ee728b)  -> (artifact id: '668586a3ce0d08106a946b2d42fce758') in 0.021420 seconds 
  Import took 0.025462 seconds .

========================================================================
Received Import Request.
  Time since last request: 10.777849 seconds.
  path: Assets/Art/Sprites/Environmnent/Mushrooms.png
  artifactKey: Guid(6acbda5bb54c19b4eb60c2674048dac2) Importer(815301076,1909f56bfc062723c751e8b465ee728b)
Start importing Assets/Art/Sprites/Environmnent/Mushrooms.png using Guid(6acbda5bb54c19b4eb60c2674048dac2) Importer(815301076,1909f56bfc062723c751e8b465ee728b)  -> (artifact id: 'f332b5a13bbed2cf1932e20227ca60a9') in 0.015076 seconds 
  Import took 0.019347 seconds .

========================================================================
Received Import Request.
  Time since last request: 0.033528 seconds.
  path: Assets/Art/Sprites/Environmnent/Mushrooms.png
  artifactKey: Guid(6acbda5bb54c19b4eb60c2674048dac2) Importer(815301076,1909f56bfc062723c751e8b465ee728b)
Start importing Assets/Art/Sprites/Environmnent/Mushrooms.png using Guid(6acbda5bb54c19b4eb60c2674048dac2) Importer(815301076,1909f56bfc062723c751e8b465ee728b)  -> (artifact id: 'f332b5a13bbed2cf1932e20227ca60a9') in 0.013203 seconds 
  Import took 0.017532 seconds .

========================================================================
Received Import Request.
  Time since last request: 6.469711 seconds.
  path: Assets/Art/Sprites/Environmnent/House.png
  artifactKey: Guid(f27ebbf5c345352429b99a3dec7ae33e) Importer(815301076,1909f56bfc062723c751e8b465ee728b)
Start importing Assets/Art/Sprites/Environmnent/House.png using Guid(f27ebbf5c345352429b99a3dec7ae33e) Importer(815301076,1909f56bfc062723c751e8b465ee728b)  -> (artifact id: 'cd9e5240135d29ba9e4c3bbbebca9172') in 0.027781 seconds 
  Import took 0.032081 seconds .

========================================================================
Received Import Request.
  Time since last request: 6.979669 seconds.
  path: Assets/Art/Sprites/Environmnent/TreeBig1.png
  artifactKey: Guid(f0cd5ad89953643408db63f9a8c50027) Importer(815301076,1909f56bfc062723c751e8b465ee728b)
Start importing Assets/Art/Sprites/Environmnent/TreeBig1.png using Guid(f0cd5ad89953643408db63f9a8c50027) Importer(815301076,1909f56bfc062723c751e8b465ee728b)  -> (artifact id: '7c4bd96f4393d31e6f94469810806aef') in 0.019383 seconds 
  Import took 0.023322 seconds .

========================================================================
Received Import Request.
  Time since last request: 0.029720 seconds.
  path: Assets/Art/Sprites/Environmnent/TreeBig1.png
  artifactKey: Guid(f0cd5ad89953643408db63f9a8c50027) Importer(815301076,1909f56bfc062723c751e8b465ee728b)
Start importing Assets/Art/Sprites/Environmnent/TreeBig1.png using Guid(f0cd5ad89953643408db63f9a8c50027) Importer(815301076,1909f56bfc062723c751e8b465ee728b)  -> (artifact id: '7c4bd96f4393d31e6f94469810806aef') in 0.019754 seconds 
  Import took 0.023787 seconds .

========================================================================
Received Import Request.
  Time since last request: 13.374370 seconds.
  path: Assets/Art/Sprites/Environmnent/TelegraphPost.png
  artifactKey: Guid(28b3c26f6746b7943aa1168e3c52c292) Importer(815301076,1909f56bfc062723c751e8b465ee728b)
Start importing Assets/Art/Sprites/Environmnent/TelegraphPost.png using Guid(28b3c26f6746b7943aa1168e3c52c292) Importer(815301076,1909f56bfc062723c751e8b465ee728b)  -> (artifact id: '97283e84f20da39548b117138279f811') in 0.015407 seconds 
  Import took 0.019447 seconds .

========================================================================
Received Import Request.
  Time since last request: 0.007353 seconds.
  path: Assets/Art/Sprites/Environmnent/TelegraphPost.png
  artifactKey: Guid(28b3c26f6746b7943aa1168e3c52c292) Importer(815301076,1909f56bfc062723c751e8b465ee728b)
Start importing Assets/Art/Sprites/Environmnent/TelegraphPost.png using Guid(28b3c26f6746b7943aa1168e3c52c292) Importer(815301076,1909f56bfc062723c751e8b465ee728b)  -> (artifact id: '97283e84f20da39548b117138279f811') in 0.013931 seconds 
  Import took 0.018154 seconds .

========================================================================
Received Import Request.
  Time since last request: 9.320189 seconds.
  path: Assets/Art/Sprites/Environmnent/TreeBig3.png
  artifactKey: Guid(1d50d21b43458424aa7759b50224c034) Importer(815301076,1909f56bfc062723c751e8b465ee728b)
Start importing Assets/Art/Sprites/Environmnent/TreeBig3.png using Guid(1d50d21b43458424aa7759b50224c034) Importer(815301076,1909f56bfc062723c751e8b465ee728b)  -> (artifact id: '59c3db5c51ef551d5a0a18139b6f1b37') in 0.019300 seconds 
  Import took 0.023392 seconds .

========================================================================
Received Import Request.
  Time since last request: 0.030055 seconds.
  path: Assets/Art/Sprites/Environmnent/TreeBig3.png
  artifactKey: Guid(1d50d21b43458424aa7759b50224c034) Importer(815301076,1909f56bfc062723c751e8b465ee728b)
Start importing Assets/Art/Sprites/Environmnent/TreeBig3.png using Guid(1d50d21b43458424aa7759b50224c034) Importer(815301076,1909f56bfc062723c751e8b465ee728b)  -> (artifact id: '59c3db5c51ef551d5a0a18139b6f1b37') in 0.019571 seconds 
  Import took 0.023681 seconds .

========================================================================
Received Import Request.
  Time since last request: 39.244716 seconds.
  path: Assets/Art/Sprites/Environmnent/TreeLittle.png
  artifactKey: Guid(87d9eec357f7dc14286677f38287ad9e) Importer(815301076,1909f56bfc062723c751e8b465ee728b)
Start importing Assets/Art/Sprites/Environmnent/TreeLittle.png using Guid(87d9eec357f7dc14286677f38287ad9e) Importer(815301076,1909f56bfc062723c751e8b465ee728b)  -> (artifact id: 'b53bcb47e89056b0538595f46072b04c') in 0.018347 seconds 
  Import took 0.022510 seconds .

========================================================================
Received Import Request.
  Time since last request: 0.031940 seconds.
  path: Assets/Art/Sprites/Environmnent/TreeLittle.png
  artifactKey: Guid(87d9eec357f7dc14286677f38287ad9e) Importer(815301076,1909f56bfc062723c751e8b465ee728b)
Start importing Assets/Art/Sprites/Environmnent/TreeLittle.png using Guid(87d9eec357f7dc14286677f38287ad9e) Importer(815301076,1909f56bfc062723c751e8b465ee728b)  -> (artifact id: 'b53bcb47e89056b0538595f46072b04c') in 0.017444 seconds 
  Import took 0.021645 seconds .

========================================================================
Received Import Request.
  Time since last request: 6.816492 seconds.
  path: Assets/Art/Sprites/Environmnent/DrainCover.png
  artifactKey: Guid(186979b672303144e9af33f5940487e6) Importer(815301076,1909f56bfc062723c751e8b465ee728b)
Start importing Assets/Art/Sprites/Environmnent/DrainCover.png using Guid(186979b672303144e9af33f5940487e6) Importer(815301076,1909f56bfc062723c751e8b465ee728b)  -> (artifact id: '5ace0e2dc2fcae934615b72d4e1b5e86') in 0.019584 seconds 
  Import took 0.023931 seconds .

========================================================================
Received Import Request.
  Time since last request: 0.006103 seconds.
  path: Assets/Art/Sprites/Environmnent/DrainCover.png
  artifactKey: Guid(186979b672303144e9af33f5940487e6) Importer(815301076,1909f56bfc062723c751e8b465ee728b)
Start importing Assets/Art/Sprites/Environmnent/DrainCover.png using Guid(186979b672303144e9af33f5940487e6) Importer(815301076,1909f56bfc062723c751e8b465ee728b)  -> (artifact id: '5ace0e2dc2fcae934615b72d4e1b5e86') in 0.023339 seconds 
  Import took 0.029752 seconds .

========================================================================
Received Import Request.
  Time since last request: 11.130904 seconds.
  path: Assets/Art/Sprites/Environmnent/Damageable.png
  artifactKey: Guid(0e15259342e82ee4f813807e5b28c0f3) Importer(815301076,1909f56bfc062723c751e8b465ee728b)
Start importing Assets/Art/Sprites/Environmnent/Damageable.png using Guid(0e15259342e82ee4f813807e5b28c0f3) Importer(815301076,1909f56bfc062723c751e8b465ee728b)  -> (artifact id: 'a8541b272396d2fcef683f637f452ef5') in 0.016872 seconds 
  Import took 0.020925 seconds .

========================================================================
Received Import Request.
  Time since last request: 0.006195 seconds.
  path: Assets/Art/Sprites/Environmnent/Damageable.png
  artifactKey: Guid(0e15259342e82ee4f813807e5b28c0f3) Importer(815301076,1909f56bfc062723c751e8b465ee728b)
Start importing Assets/Art/Sprites/Environmnent/Damageable.png using Guid(0e15259342e82ee4f813807e5b28c0f3) Importer(815301076,1909f56bfc062723c751e8b465ee728b)  -> (artifact id: 'a8541b272396d2fcef683f637f452ef5') in 0.016155 seconds 
  Import took 0.020175 seconds .

========================================================================
Received Import Request.
  Time since last request: 10.984526 seconds.
  path: Assets/Prefabs/LotusFlower.prefab
  artifactKey: Guid(9a3b234614b05d143aef72bf920a0128) Importer(815301076,1909f56bfc062723c751e8b465ee728b)
Start importing Assets/Prefabs/LotusFlower.prefab using Guid(9a3b234614b05d143aef72bf920a0128) Importer(815301076,1909f56bfc062723c751e8b465ee728b)  -> (artifact id: '6e29c0689809b237c038a1031bf3601c') in 0.013031 seconds 
  Import took 0.017172 seconds .

========================================================================
Received Import Request.
  Time since last request: 0.014509 seconds.
  path: Assets/Prefabs/LotusFlower.prefab
  artifactKey: Guid(9a3b234614b05d143aef72bf920a0128) Importer(815301076,1909f56bfc062723c751e8b465ee728b)
Start importing Assets/Prefabs/LotusFlower.prefab using Guid(9a3b234614b05d143aef72bf920a0128) Importer(815301076,1909f56bfc062723c751e8b465ee728b)  -> (artifact id: '6e29c0689809b237c038a1031bf3601c') in 0.010280 seconds 
  Import took 0.014656 seconds .

========================================================================
Received Import Request.
  Time since last request: 1.328150 seconds.
  path: Assets/Prefabs/Mushrooms.prefab
  artifactKey: Guid(10c7aa7f9f9eb964e9862bf3f4e8ce98) Importer(815301076,1909f56bfc062723c751e8b465ee728b)
Start importing Assets/Prefabs/Mushrooms.prefab using Guid(10c7aa7f9f9eb964e9862bf3f4e8ce98) Importer(815301076,1909f56bfc062723c751e8b465ee728b)  -> (artifact id: 'cda4d295b64de27c036a0214597add7f') in 0.012986 seconds 
  Import took 0.017066 seconds .

========================================================================
Received Import Request.
  Time since last request: 0.015012 seconds.
  path: Assets/Prefabs/Mushrooms.prefab
  artifactKey: Guid(10c7aa7f9f9eb964e9862bf3f4e8ce98) Importer(815301076,1909f56bfc062723c751e8b465ee728b)
Start importing Assets/Prefabs/Mushrooms.prefab using Guid(10c7aa7f9f9eb964e9862bf3f4e8ce98) Importer(815301076,1909f56bfc062723c751e8b465ee728b)  -> (artifact id: 'cda4d295b64de27c036a0214597add7f') in 0.010231 seconds 
  Import took 0.014694 seconds .

========================================================================
Received Import Request.
  Time since last request: 1.167895 seconds.
  path: Assets/Prefabs/House.prefab
  artifactKey: Guid(a6bd411ea871e374b87d85be6adb2e7b) Importer(815301076,1909f56bfc062723c751e8b465ee728b)
Start importing Assets/Prefabs/House.prefab using Guid(a6bd411ea871e374b87d85be6adb2e7b) Importer(815301076,1909f56bfc062723c751e8b465ee728b)  -> (artifact id: 'dd6a7eaa8be5b31ffb587b2da79e0cee') in 0.017781 seconds 
  Import took 0.021856 seconds .

========================================================================
Received Import Request.
  Time since last request: 0.010453 seconds.
  path: Assets/Prefabs/House.prefab
  artifactKey: Guid(a6bd411ea871e374b87d85be6adb2e7b) Importer(815301076,1909f56bfc062723c751e8b465ee728b)
Start importing Assets/Prefabs/House.prefab using Guid(a6bd411ea871e374b87d85be6adb2e7b) Importer(815301076,1909f56bfc062723c751e8b465ee728b)  -> (artifact id: 'dd6a7eaa8be5b31ffb587b2da79e0cee') in 0.012622 seconds 
  Import took 0.016649 seconds .

========================================================================
Received Import Request.
  Time since last request: 1.560938 seconds.
  path: Assets/Prefabs/TreeBig1.prefab
  artifactKey: Guid(7390344ac90467d489c25abb758a2d1b) Importer(815301076,1909f56bfc062723c751e8b465ee728b)
Start importing Assets/Prefabs/TreeBig1.prefab using Guid(7390344ac90467d489c25abb758a2d1b) Importer(815301076,1909f56bfc062723c751e8b465ee728b)  -> (artifact id: 'c43190ce7ad2d2e29c3b7fdcbccebfb6') in 0.012717 seconds 
  Import took 0.016864 seconds .

========================================================================
Received Import Request.
  Time since last request: 0.015265 seconds.
  path: Assets/Prefabs/TreeBig1.prefab
  artifactKey: Guid(7390344ac90467d489c25abb758a2d1b) Importer(815301076,1909f56bfc062723c751e8b465ee728b)
Start importing Assets/Prefabs/TreeBig1.prefab using Guid(7390344ac90467d489c25abb758a2d1b) Importer(815301076,1909f56bfc062723c751e8b465ee728b)  -> (artifact id: 'c43190ce7ad2d2e29c3b7fdcbccebfb6') in 0.010360 seconds 
  Import took 0.014522 seconds .

========================================================================
Received Import Request.
  Time since last request: 1.502101 seconds.
  path: Assets/Prefabs/TelegraphPost.prefab
  artifactKey: Guid(24f017b2b5a43df46ac9150b80892093) Importer(815301076,1909f56bfc062723c751e8b465ee728b)
Start importing Assets/Prefabs/TelegraphPost.prefab using Guid(24f017b2b5a43df46ac9150b80892093) Importer(815301076,1909f56bfc062723c751e8b465ee728b)  -> (artifact id: '6ab571d9cc188fecae53e886b1fb3563') in 0.013010 seconds 
  Import took 0.017111 seconds .

========================================================================
Received Import Request.
  Time since last request: 0.015558 seconds.
  path: Assets/Prefabs/TelegraphPost.prefab
  artifactKey: Guid(24f017b2b5a43df46ac9150b80892093) Importer(815301076,1909f56bfc062723c751e8b465ee728b)
Start importing Assets/Prefabs/TelegraphPost.prefab using Guid(24f017b2b5a43df46ac9150b80892093) Importer(815301076,1909f56bfc062723c751e8b465ee728b)  -> (artifact id: '6ab571d9cc188fecae53e886b1fb3563') in 0.010119 seconds 
  Import took 0.014331 seconds .

========================================================================
Received Import Request.
  Time since last request: 1.349175 seconds.
  path: Assets/Prefabs/TreeBig3.prefab
  artifactKey: Guid(16383abd748b0c742ae9b916bf24c5ac) Importer(815301076,1909f56bfc062723c751e8b465ee728b)
Start importing Assets/Prefabs/TreeBig3.prefab using Guid(16383abd748b0c742ae9b916bf24c5ac) Importer(815301076,1909f56bfc062723c751e8b465ee728b)  -> (artifact id: 'c0df3ad842fc9a5dad1ba2b7814bc4e8') in 0.016664 seconds 
  Import took 0.020823 seconds .

========================================================================
Received Import Request.
  Time since last request: 0.011808 seconds.
  path: Assets/Prefabs/TreeBig3.prefab
  artifactKey: Guid(16383abd748b0c742ae9b916bf24c5ac) Importer(815301076,1909f56bfc062723c751e8b465ee728b)
Start importing Assets/Prefabs/TreeBig3.prefab using Guid(16383abd748b0c742ae9b916bf24c5ac) Importer(815301076,1909f56bfc062723c751e8b465ee728b)  -> (artifact id: 'c0df3ad842fc9a5dad1ba2b7814bc4e8') in 0.010287 seconds 
  Import took 0.014441 seconds .

========================================================================
Received Import Request.
  Time since last request: 1.439038 seconds.
  path: Assets/Prefabs/DrainCover.prefab
  artifactKey: Guid(40cabdd3b051c7f45ab1c1b33a35e242) Importer(815301076,1909f56bfc062723c751e8b465ee728b)
Start importing Assets/Prefabs/DrainCover.prefab using Guid(40cabdd3b051c7f45ab1c1b33a35e242) Importer(815301076,1909f56bfc062723c751e8b465ee728b)  -> (artifact id: '4ce9a04aed30a02d7d84a74d419921a1') in 0.013089 seconds 
  Import took 0.018222 seconds .

========================================================================
Received Import Request.
  Time since last request: 0.013986 seconds.
  path: Assets/Prefabs/DrainCover.prefab
  artifactKey: Guid(40cabdd3b051c7f45ab1c1b33a35e242) Importer(815301076,1909f56bfc062723c751e8b465ee728b)
Start importing Assets/Prefabs/DrainCover.prefab using Guid(40cabdd3b051c7f45ab1c1b33a35e242) Importer(815301076,1909f56bfc062723c751e8b465ee728b)  -> (artifact id: '4ce9a04aed30a02d7d84a74d419921a1') in 0.010071 seconds 
  Import took 0.014126 seconds .

========================================================================
Received Import Request.
  Time since last request: 1.805140 seconds.
  path: Assets/Prefabs/Damageable.prefab
  artifactKey: Guid(ba611dec4199d9049b7ece265fbe77f7) Importer(815301076,1909f56bfc062723c751e8b465ee728b)
Start importing Assets/Prefabs/Damageable.prefab using Guid(ba611dec4199d9049b7ece265fbe77f7) Importer(815301076,1909f56bfc062723c751e8b465ee728b)  -> (artifact id: '43278f8a1f9a6cb3e7bb40f15036defd') in 0.015808 seconds 
  Import took 0.020132 seconds .

========================================================================
Received Import Request.
  Time since last request: 0.011619 seconds.
  path: Assets/Prefabs/Damageable.prefab
  artifactKey: Guid(ba611dec4199d9049b7ece265fbe77f7) Importer(815301076,1909f56bfc062723c751e8b465ee728b)
Start importing Assets/Prefabs/Damageable.prefab using Guid(ba611dec4199d9049b7ece265fbe77f7) Importer(815301076,1909f56bfc062723c751e8b465ee728b)  -> (artifact id: '43278f8a1f9a6cb3e7bb40f15036defd') in 0.010188 seconds 
  Import took 0.014411 seconds .

========================================================================
Received Import Request.
  Time since last request: 661.925748 seconds.
  path: Assets/Prefabs/TreeLittle.prefab
  artifactKey: Guid(9efa09e32633b0541a664b6ddc2f7d30) Importer(815301076,1909f56bfc062723c751e8b465ee728b)
Start importing Assets/Prefabs/TreeLittle.prefab using Guid(9efa09e32633b0541a664b6ddc2f7d30) Importer(815301076,1909f56bfc062723c751e8b465ee728b)  -> (artifact id: '9efe0aecda2d8398e0516c37e150f55a') in 0.014077 seconds 
  Import took 0.018671 seconds .

========================================================================
Received Import Request.
  Time since last request: 0.014099 seconds.
  path: Assets/Prefabs/TreeLittle.prefab
  artifactKey: Guid(9efa09e32633b0541a664b6ddc2f7d30) Importer(815301076,1909f56bfc062723c751e8b465ee728b)
Start importing Assets/Prefabs/TreeLittle.prefab using Guid(9efa09e32633b0541a664b6ddc2f7d30) Importer(815301076,1909f56bfc062723c751e8b465ee728b)  -> (artifact id: '9efe0aecda2d8398e0516c37e150f55a') in 0.010184 seconds 
  Import took 0.014665 seconds .

========================================================================
Received Prepare
Registering precompiled user dll's ...
Registered in 0.111467 seconds.
Begin MonoManager ReloadAssembly
Native extension for WindowsStandalone target not found
Native extension for WebGL target not found
Refreshing native plugins compatible for Editor in 0.60 ms, found 3 plugins.
Preloading 0 native plugins for Editor in 0.00 ms.
Mono: successfully reloaded assembly
- Completed reload, in  1.450 seconds
Domain Reload Profiling:
	ReloadAssembly (1451ms)
		BeginReloadAssembly (138ms)
			ExecutionOrderSort (0ms)
			DisableScriptedObjects (8ms)
			BackupInstance (0ms)
			ReleaseScriptingObjects (0ms)
			CreateAndSetChildDomain (41ms)
		EndReloadAssembly (1232ms)
			LoadAssemblies (116ms)
			RebuildTransferFunctionScriptingTraits (0ms)
			SetupTypeCache (346ms)
			ReleaseScriptCaches (1ms)
			RebuildScriptCaches (56ms)
			SetupLoadedEditorAssemblies (579ms)
				LogAssemblyErrors (0ms)
				InitializePlatformSupportModulesInManaged (7ms)
				SetLoadedEditorAssemblies (1ms)
				RefreshPlugins (1ms)
				BeforeProcessingInitializeOnLoad (103ms)
				ProcessInitializeOnLoadAttributes (452ms)
				ProcessInitializeOnLoadMethodAttributes (7ms)
				AfterProcessingInitializeOnLoad (9ms)
				EditorAssembliesLoaded (0ms)
			ExecutionOrderSort2 (0ms)
			AwakeInstancesAfterBackupRestoration (14ms)
Platform modules already initialized, skipping
Refreshing native plugins compatible for Editor in 0.62 ms, found 3 plugins.
Preloading 0 native plugins for Editor in 0.00 ms.
Unloading 2082 Unused Serialized files (Serialized files now loaded: 0)
System memory in use before: 95.7 MB.
System memory in use after: 95.9 MB.

Unloading 16 unused Assets to reduce memory usage. Loaded Objects now: 2569.
Total: 2.731700 ms (FindLiveObjects: 0.194400 ms CreateObjectMapping: 0.087000 ms MarkObjects: 2.428800 ms  DeleteObjects: 0.019700 ms)

AssetImportParameters requested are different than current active one (requested -> active):
  custom:framework-win-MediaFoundation: 216162199b28c13a410421893ffa2e32 -> 
  custom:video-decoder-ogg-theora: a1e56fd34408186e4bbccfd4996cb3dc -> 
  custom:container-muxer-webm: aa71ff27fc2769a1b78a27578f13a17b -> 
  custom:container-demuxer-webm: 4f35f7cbe854078d1ac9338744f61a02 -> 
  custom:container-demuxer-ogg: 62fdf1f143b41e24485cea50d1cbac27 -> 
  custom:video-encoder-webm-vp8: eb34c28f22e8b96e1ab97ce403110664 -> 
  custom:video-decoder-webm-vp8: 9c59270c3fd7afecdb556c50c9e8de78 -> 
  custom:audio-decoder-ogg-vorbis: bf7c407c2cedff20999df2af8eb42d56 -> 
  custom:audio-encoder-webm-vorbis: bf7c407c2cedff20999df2af8eb42d56 -> 
AssetImportWorkerClient::OnTransportError - code=2 error=End of file
