Using pre-set license
Built from '2020.3/release' branch; Version is '2020.3.15f2 (6cf78cb77498) revision 7141260'; Using compiler version '192528614'; Build Type 'Release'
OS: 'Windows 10 Pro; OS build 19043.1237; Version 2009; 64bit' Language: 'pt' Physical Memory: 16303 MB
BatchMode: 1, IsHumanControllingUs: 0, StartBugReporterOnCrash: 0, Is64bit: 1, IsPro: 0

 COMMAND LINE ARGUMENTS:
C:\Program Files\UnityEditor\2020.3.15f2\Editor\Unity.exe
-adb2
-batchMode
-noUpm
-name
AssetImportWorker0
-projectPath
C:/Users/hiago/Desktop/Unity Stuff/2dgame-project
-logFile
Logs/AssetImportWorker0.log
-srvPort
60012
Successfully changed project path to: C:/Users/hiago/Desktop/Unity Stuff/2dgame-project
C:/Users/hiago/Desktop/Unity Stuff/2dgame-project
Using Asset Import Pipeline V2.
Refreshing native plugins compatible for Editor in 60.78 ms, found 3 plugins.
Preloading 0 native plugins for Editor in 0.00 ms.
Initialize engine version: 2020.3.15f2 (6cf78cb77498)
[Subsystems] Discovering subsystems at path C:/Program Files/UnityEditor/2020.3.15f2/Editor/Data/Resources/UnitySubsystems
[Subsystems] Discovering subsystems at path C:/Users/hiago/Desktop/Unity Stuff/2dgame-project/Assets
GfxDevice: creating device client; threaded=0
Direct3D:
    Version:  Direct3D 11.0 [level 11.1]
    Renderer: NVIDIA GeForce GTX 1060 3GB (ID=0x1c02)
    Vendor:   
    VRAM:     2988 MB
    Driver:   30.0.14.7168
Initialize mono
Mono path[0] = 'C:/Program Files/UnityEditor/2020.3.15f2/Editor/Data/Managed'
Mono path[1] = 'C:/Program Files/UnityEditor/2020.3.15f2/Editor/Data/MonoBleedingEdge/lib/mono/unityjit'
Mono config path = 'C:/Program Files/UnityEditor/2020.3.15f2/Editor/Data/MonoBleedingEdge/etc'
Using monoOptions --debugger-agent=transport=dt_socket,embedding=1,server=y,suspend=n,address=127.0.0.1:56020
Begin MonoManager ReloadAssembly
Registering precompiled unity dll's ...
Register platform support module: C:/Program Files/UnityEditor/2020.3.15f2/Editor/Data/PlaybackEngines/WebGLSupport/UnityEditor.WebGL.Extensions.dll
Register platform support module: C:/Program Files/UnityEditor/2020.3.15f2/Editor/Data/PlaybackEngines/WindowsStandaloneSupport/UnityEditor.WindowsStandalone.Extensions.dll
Registered in 0.004832 seconds.
Native extension for WindowsStandalone target not found
Native extension for WebGL target not found
Refreshing native plugins compatible for Editor in 63.57 ms, found 3 plugins.
Preloading 0 native plugins for Editor in 0.00 ms.
Mono: successfully reloaded assembly
- Completed reload, in  2.891 seconds
Domain Reload Profiling:
	ReloadAssembly (2891ms)
		BeginReloadAssembly (105ms)
			ExecutionOrderSort (0ms)
			DisableScriptedObjects (0ms)
			BackupInstance (0ms)
			ReleaseScriptingObjects (0ms)
			CreateAndSetChildDomain (1ms)
		EndReloadAssembly (596ms)
			LoadAssemblies (101ms)
			RebuildTransferFunctionScriptingTraits (0ms)
			SetupTypeCache (201ms)
			ReleaseScriptCaches (0ms)
			RebuildScriptCaches (42ms)
			SetupLoadedEditorAssemblies (252ms)
				LogAssemblyErrors (0ms)
				InitializePlatformSupportModulesInManaged (6ms)
				SetLoadedEditorAssemblies (1ms)
				RefreshPlugins (64ms)
				BeforeProcessingInitializeOnLoad (19ms)
				ProcessInitializeOnLoadAttributes (120ms)
				ProcessInitializeOnLoadMethodAttributes (41ms)
				AfterProcessingInitializeOnLoad (0ms)
				EditorAssembliesLoaded (0ms)
			ExecutionOrderSort2 (0ms)
			AwakeInstancesAfterBackupRestoration (0ms)
Platform modules already initialized, skipping
Registering precompiled user dll's ...
Registered in 0.005945 seconds.
Begin MonoManager ReloadAssembly
Native extension for WindowsStandalone target not found
Native extension for WebGL target not found
Refreshing native plugins compatible for Editor in 56.12 ms, found 3 plugins.
Preloading 0 native plugins for Editor in 0.00 ms.
Mono: successfully reloaded assembly
- Completed reload, in  1.630 seconds
Domain Reload Profiling:
	ReloadAssembly (1631ms)
		BeginReloadAssembly (249ms)
			ExecutionOrderSort (0ms)
			DisableScriptedObjects (6ms)
			BackupInstance (0ms)
			ReleaseScriptingObjects (0ms)
			CreateAndSetChildDomain (22ms)
		EndReloadAssembly (1294ms)
			LoadAssemblies (128ms)
			RebuildTransferFunctionScriptingTraits (0ms)
			SetupTypeCache (383ms)
			ReleaseScriptCaches (1ms)
			RebuildScriptCaches (70ms)
			SetupLoadedEditorAssemblies (552ms)
				LogAssemblyErrors (0ms)
				InitializePlatformSupportModulesInManaged (6ms)
				SetLoadedEditorAssemblies (0ms)
				RefreshPlugins (56ms)
				BeforeProcessingInitializeOnLoad (107ms)
				ProcessInitializeOnLoadAttributes (356ms)
				ProcessInitializeOnLoadMethodAttributes (17ms)
				AfterProcessingInitializeOnLoad (10ms)
				EditorAssembliesLoaded (0ms)
			ExecutionOrderSort2 (0ms)
			AwakeInstancesAfterBackupRestoration (9ms)
Platform modules already initialized, skipping
========================================================================
Worker process is ready to serve import requests
Launched and connected shader compiler UnityShaderCompiler.exe after 0.08 seconds
Refreshing native plugins compatible for Editor in 0.63 ms, found 3 plugins.
Preloading 0 native plugins for Editor in 0.00 ms.
Unloading 2093 Unused Serialized files (Serialized files now loaded: 0)
System memory in use before: 93.2 MB.
System memory in use after: 93.3 MB.

Unloading 28 unused Assets to reduce memory usage. Loaded Objects now: 2532.
Total: 2.855900 ms (FindLiveObjects: 0.221600 ms CreateObjectMapping: 0.091700 ms MarkObjects: 2.455800 ms  DeleteObjects: 0.085000 ms)

AssetImportParameters requested are different than current active one (requested -> active):
  custom:framework-win-MediaFoundation: 216162199b28c13a410421893ffa2e32 -> 
  custom:video-decoder-ogg-theora: a1e56fd34408186e4bbccfd4996cb3dc -> 
  custom:container-muxer-webm: aa71ff27fc2769a1b78a27578f13a17b -> 
  custom:container-demuxer-webm: 4f35f7cbe854078d1ac9338744f61a02 -> 
  custom:container-demuxer-ogg: 62fdf1f143b41e24485cea50d1cbac27 -> 
  custom:video-encoder-webm-vp8: eb34c28f22e8b96e1ab97ce403110664 -> 
  custom:video-decoder-webm-vp8: 9c59270c3fd7afecdb556c50c9e8de78 -> 
  custom:audio-decoder-ogg-vorbis: bf7c407c2cedff20999df2af8eb42d56 -> 
  custom:audio-encoder-webm-vorbis: bf7c407c2cedff20999df2af8eb42d56 -> 
========================================================================
Received Import Request.
  path: Assets/Scripts/DamageableController.cs
  artifactKey: Guid(d7c81879685e11b41b475d2e7605b8fb) Importer(815301076,1909f56bfc062723c751e8b465ee728b)
Start importing Assets/Scripts/DamageableController.cs using Guid(d7c81879685e11b41b475d2e7605b8fb) Importer(815301076,1909f56bfc062723c751e8b465ee728b)  -> (artifact id: '874db8ef33215b9e2dc6d5c7eed59a9f') in 0.035533 seconds 
  Import took 0.040853 seconds .

========================================================================
Received Import Request.
  Time since last request: 294.782210 seconds.
  path: Assets/Scripts/DamageableController.cs
  artifactKey: Guid(d7c81879685e11b41b475d2e7605b8fb) Importer(815301076,1909f56bfc062723c751e8b465ee728b)
Start importing Assets/Scripts/DamageableController.cs using Guid(d7c81879685e11b41b475d2e7605b8fb) Importer(815301076,1909f56bfc062723c751e8b465ee728b)  -> (artifact id: '4c36dae4c424555f1d0494fd01e79b5c') in 0.004082 seconds 
  Import took 0.010417 seconds .

========================================================================
Received Import Request.
  Time since last request: 0.003963 seconds.
  path: Assets/Scripts/DamageableController.cs
  artifactKey: Guid(d7c81879685e11b41b475d2e7605b8fb) Importer(815301076,1909f56bfc062723c751e8b465ee728b)
Start importing Assets/Scripts/DamageableController.cs using Guid(d7c81879685e11b41b475d2e7605b8fb) Importer(815301076,1909f56bfc062723c751e8b465ee728b)  -> (artifact id: '4c36dae4c424555f1d0494fd01e79b5c') in 0.004190 seconds 
  Import took 0.008511 seconds .

========================================================================
Received Import Request.
  Time since last request: 6.930490 seconds.
  path: Assets/Scripts/DamageableController.cs
  artifactKey: Guid(d7c81879685e11b41b475d2e7605b8fb) Importer(815301076,1909f56bfc062723c751e8b465ee728b)
Start importing Assets/Scripts/DamageableController.cs using Guid(d7c81879685e11b41b475d2e7605b8fb) Importer(815301076,1909f56bfc062723c751e8b465ee728b)  -> (artifact id: 'df91088ebf64f5ff7a01672088b16cdd') in 0.004591 seconds 
  Import took 0.010008 seconds .

========================================================================
Received Import Request.
  Time since last request: 72.210740 seconds.
  path: Assets/Scripts/DamageableController.cs
  artifactKey: Guid(d7c81879685e11b41b475d2e7605b8fb) Importer(815301076,1909f56bfc062723c751e8b465ee728b)
Start importing Assets/Scripts/DamageableController.cs using Guid(d7c81879685e11b41b475d2e7605b8fb) Importer(815301076,1909f56bfc062723c751e8b465ee728b)  -> (artifact id: '23eae805d9e6cdd1e1a69a9a10aac6d1') in 0.004386 seconds 
  Import took 0.009766 seconds .

========================================================================
Received Prepare
Registering precompiled user dll's ...
Registered in 0.005689 seconds.
Begin MonoManager ReloadAssembly
Native extension for WindowsStandalone target not found
Native extension for WebGL target not found
Refreshing native plugins compatible for Editor in 0.68 ms, found 3 plugins.
Preloading 0 native plugins for Editor in 0.00 ms.
Mono: successfully reloaded assembly
- Completed reload, in  1.430 seconds
Domain Reload Profiling:
	ReloadAssembly (1430ms)
		BeginReloadAssembly (144ms)
			ExecutionOrderSort (0ms)
			DisableScriptedObjects (9ms)
			BackupInstance (0ms)
			ReleaseScriptingObjects (0ms)
			CreateAndSetChildDomain (44ms)
		EndReloadAssembly (1200ms)
			LoadAssemblies (128ms)
			RebuildTransferFunctionScriptingTraits (0ms)
			SetupTypeCache (384ms)
			ReleaseScriptCaches (1ms)
			RebuildScriptCaches (58ms)
			SetupLoadedEditorAssemblies (488ms)
				LogAssemblyErrors (0ms)
				InitializePlatformSupportModulesInManaged (8ms)
				SetLoadedEditorAssemblies (1ms)
				RefreshPlugins (1ms)
				BeforeProcessingInitializeOnLoad (112ms)
				ProcessInitializeOnLoadAttributes (350ms)
				ProcessInitializeOnLoadMethodAttributes (7ms)
				AfterProcessingInitializeOnLoad (10ms)
				EditorAssembliesLoaded (0ms)
			ExecutionOrderSort2 (0ms)
			AwakeInstancesAfterBackupRestoration (14ms)
Platform modules already initialized, skipping
Refreshing native plugins compatible for Editor in 0.65 ms, found 3 plugins.
Preloading 0 native plugins for Editor in 0.00 ms.
Unloading 2083 Unused Serialized files (Serialized files now loaded: 0)
System memory in use before: 92.6 MB.
System memory in use after: 92.8 MB.

Unloading 16 unused Assets to reduce memory usage. Loaded Objects now: 2535.
Total: 2.827500 ms (FindLiveObjects: 0.205500 ms CreateObjectMapping: 0.100400 ms MarkObjects: 2.494500 ms  DeleteObjects: 0.025200 ms)

AssetImportParameters requested are different than current active one (requested -> active):
  custom:framework-win-MediaFoundation: 216162199b28c13a410421893ffa2e32 -> 
  custom:video-decoder-ogg-theora: a1e56fd34408186e4bbccfd4996cb3dc -> 
  custom:container-muxer-webm: aa71ff27fc2769a1b78a27578f13a17b -> 
  custom:container-demuxer-webm: 4f35f7cbe854078d1ac9338744f61a02 -> 
  custom:container-demuxer-ogg: 62fdf1f143b41e24485cea50d1cbac27 -> 
  custom:video-encoder-webm-vp8: eb34c28f22e8b96e1ab97ce403110664 -> 
  custom:video-decoder-webm-vp8: 9c59270c3fd7afecdb556c50c9e8de78 -> 
  custom:audio-decoder-ogg-vorbis: bf7c407c2cedff20999df2af8eb42d56 -> 
  custom:audio-encoder-webm-vorbis: bf7c407c2cedff20999df2af8eb42d56 -> 
========================================================================
Received Prepare
Registering precompiled user dll's ...
Registered in 0.005527 seconds.
Begin MonoManager ReloadAssembly
Native extension for WindowsStandalone target not found
Native extension for WebGL target not found
Refreshing native plugins compatible for Editor in 0.66 ms, found 3 plugins.
Preloading 0 native plugins for Editor in 0.00 ms.
Mono: successfully reloaded assembly
- Completed reload, in  1.509 seconds
Domain Reload Profiling:
	ReloadAssembly (1509ms)
		BeginReloadAssembly (146ms)
			ExecutionOrderSort (0ms)
			DisableScriptedObjects (9ms)
			BackupInstance (0ms)
			ReleaseScriptingObjects (0ms)
			CreateAndSetChildDomain (40ms)
		EndReloadAssembly (1274ms)
			LoadAssemblies (125ms)
			RebuildTransferFunctionScriptingTraits (0ms)
			SetupTypeCache (383ms)
			ReleaseScriptCaches (1ms)
			RebuildScriptCaches (68ms)
			SetupLoadedEditorAssemblies (541ms)
				LogAssemblyErrors (0ms)
				InitializePlatformSupportModulesInManaged (8ms)
				SetLoadedEditorAssemblies (1ms)
				RefreshPlugins (1ms)
				BeforeProcessingInitializeOnLoad (118ms)
				ProcessInitializeOnLoadAttributes (396ms)
				ProcessInitializeOnLoadMethodAttributes (7ms)
				AfterProcessingInitializeOnLoad (10ms)
				EditorAssembliesLoaded (0ms)
			ExecutionOrderSort2 (0ms)
			AwakeInstancesAfterBackupRestoration (14ms)
Platform modules already initialized, skipping
Refreshing native plugins compatible for Editor in 0.65 ms, found 3 plugins.
Preloading 0 native plugins for Editor in 0.00 ms.
Unloading 2083 Unused Serialized files (Serialized files now loaded: 0)
System memory in use before: 92.7 MB.
System memory in use after: 92.8 MB.

Unloading 16 unused Assets to reduce memory usage. Loaded Objects now: 2538.
Total: 2.764100 ms (FindLiveObjects: 0.216700 ms CreateObjectMapping: 0.087200 ms MarkObjects: 2.430000 ms  DeleteObjects: 0.028500 ms)

AssetImportParameters requested are different than current active one (requested -> active):
  custom:framework-win-MediaFoundation: 216162199b28c13a410421893ffa2e32 -> 
  custom:video-decoder-ogg-theora: a1e56fd34408186e4bbccfd4996cb3dc -> 
  custom:container-muxer-webm: aa71ff27fc2769a1b78a27578f13a17b -> 
  custom:container-demuxer-webm: 4f35f7cbe854078d1ac9338744f61a02 -> 
  custom:container-demuxer-ogg: 62fdf1f143b41e24485cea50d1cbac27 -> 
  custom:video-encoder-webm-vp8: eb34c28f22e8b96e1ab97ce403110664 -> 
  custom:video-decoder-webm-vp8: 9c59270c3fd7afecdb556c50c9e8de78 -> 
  custom:audio-decoder-ogg-vorbis: bf7c407c2cedff20999df2af8eb42d56 -> 
  custom:audio-encoder-webm-vorbis: bf7c407c2cedff20999df2af8eb42d56 -> 
========================================================================
Received Prepare
Registering precompiled user dll's ...
Registered in 0.005452 seconds.
Begin MonoManager ReloadAssembly
Native extension for WindowsStandalone target not found
Native extension for WebGL target not found
Refreshing native plugins compatible for Editor in 0.67 ms, found 3 plugins.
Preloading 0 native plugins for Editor in 0.00 ms.
Mono: successfully reloaded assembly
- Completed reload, in  1.473 seconds
Domain Reload Profiling:
	ReloadAssembly (1474ms)
		BeginReloadAssembly (146ms)
			ExecutionOrderSort (0ms)
			DisableScriptedObjects (9ms)
			BackupInstance (0ms)
			ReleaseScriptingObjects (0ms)
			CreateAndSetChildDomain (40ms)
		EndReloadAssembly (1239ms)
			LoadAssemblies (125ms)
			RebuildTransferFunctionScriptingTraits (0ms)
			SetupTypeCache (393ms)
			ReleaseScriptCaches (1ms)
			RebuildScriptCaches (62ms)
			SetupLoadedEditorAssemblies (517ms)
				LogAssemblyErrors (0ms)
				InitializePlatformSupportModulesInManaged (8ms)
				SetLoadedEditorAssemblies (1ms)
				RefreshPlugins (1ms)
				BeforeProcessingInitializeOnLoad (111ms)
				ProcessInitializeOnLoadAttributes (381ms)
				ProcessInitializeOnLoadMethodAttributes (7ms)
				AfterProcessingInitializeOnLoad (9ms)
				EditorAssembliesLoaded (0ms)
			ExecutionOrderSort2 (0ms)
			AwakeInstancesAfterBackupRestoration (14ms)
Platform modules already initialized, skipping
Refreshing native plugins compatible for Editor in 0.64 ms, found 3 plugins.
Preloading 0 native plugins for Editor in 0.00 ms.
Unloading 2083 Unused Serialized files (Serialized files now loaded: 0)
System memory in use before: 92.7 MB.
System memory in use after: 92.8 MB.

Unloading 16 unused Assets to reduce memory usage. Loaded Objects now: 2541.
Total: 2.708600 ms (FindLiveObjects: 0.213700 ms CreateObjectMapping: 0.090700 ms MarkObjects: 2.376900 ms  DeleteObjects: 0.025600 ms)

AssetImportParameters requested are different than current active one (requested -> active):
  custom:framework-win-MediaFoundation: 216162199b28c13a410421893ffa2e32 -> 
  custom:video-decoder-ogg-theora: a1e56fd34408186e4bbccfd4996cb3dc -> 
  custom:container-muxer-webm: aa71ff27fc2769a1b78a27578f13a17b -> 
  custom:container-demuxer-webm: 4f35f7cbe854078d1ac9338744f61a02 -> 
  custom:container-demuxer-ogg: 62fdf1f143b41e24485cea50d1cbac27 -> 
  custom:video-encoder-webm-vp8: eb34c28f22e8b96e1ab97ce403110664 -> 
  custom:video-decoder-webm-vp8: 9c59270c3fd7afecdb556c50c9e8de78 -> 
  custom:audio-decoder-ogg-vorbis: bf7c407c2cedff20999df2af8eb42d56 -> 
  custom:audio-encoder-webm-vorbis: bf7c407c2cedff20999df2af8eb42d56 -> 
========================================================================
Received Prepare
Registering precompiled user dll's ...
Registered in 0.005364 seconds.
Begin MonoManager ReloadAssembly
Native extension for WindowsStandalone target not found
Native extension for WebGL target not found
Refreshing native plugins compatible for Editor in 0.65 ms, found 3 plugins.
Preloading 0 native plugins for Editor in 0.00 ms.
Mono: successfully reloaded assembly
- Completed reload, in  1.420 seconds
Domain Reload Profiling:
	ReloadAssembly (1421ms)
		BeginReloadAssembly (161ms)
			ExecutionOrderSort (0ms)
			DisableScriptedObjects (12ms)
			BackupInstance (0ms)
			ReleaseScriptingObjects (0ms)
			CreateAndSetChildDomain (50ms)
		EndReloadAssembly (1173ms)
			LoadAssemblies (123ms)
			RebuildTransferFunctionScriptingTraits (0ms)
			SetupTypeCache (368ms)
			ReleaseScriptCaches (1ms)
			RebuildScriptCaches (58ms)
			SetupLoadedEditorAssemblies (491ms)
				LogAssemblyErrors (0ms)
				InitializePlatformSupportModulesInManaged (7ms)
				SetLoadedEditorAssemblies (1ms)
				RefreshPlugins (1ms)
				BeforeProcessingInitializeOnLoad (107ms)
				ProcessInitializeOnLoadAttributes (359ms)
				ProcessInitializeOnLoadMethodAttributes (7ms)
				AfterProcessingInitializeOnLoad (9ms)
				EditorAssembliesLoaded (0ms)
			ExecutionOrderSort2 (0ms)
			AwakeInstancesAfterBackupRestoration (14ms)
Platform modules already initialized, skipping
Refreshing native plugins compatible for Editor in 0.68 ms, found 3 plugins.
Preloading 0 native plugins for Editor in 0.00 ms.
Unloading 2083 Unused Serialized files (Serialized files now loaded: 0)
System memory in use before: 92.7 MB.
System memory in use after: 92.8 MB.

Unloading 16 unused Assets to reduce memory usage. Loaded Objects now: 2544.
Total: 2.756400 ms (FindLiveObjects: 0.211500 ms CreateObjectMapping: 0.102900 ms MarkObjects: 2.420300 ms  DeleteObjects: 0.019500 ms)

AssetImportParameters requested are different than current active one (requested -> active):
  custom:framework-win-MediaFoundation: 216162199b28c13a410421893ffa2e32 -> 
  custom:video-decoder-ogg-theora: a1e56fd34408186e4bbccfd4996cb3dc -> 
  custom:container-muxer-webm: aa71ff27fc2769a1b78a27578f13a17b -> 
  custom:container-demuxer-webm: 4f35f7cbe854078d1ac9338744f61a02 -> 
  custom:container-demuxer-ogg: 62fdf1f143b41e24485cea50d1cbac27 -> 
  custom:video-encoder-webm-vp8: eb34c28f22e8b96e1ab97ce403110664 -> 
  custom:video-decoder-webm-vp8: 9c59270c3fd7afecdb556c50c9e8de78 -> 
  custom:audio-decoder-ogg-vorbis: bf7c407c2cedff20999df2af8eb42d56 -> 
  custom:audio-encoder-webm-vorbis: bf7c407c2cedff20999df2af8eb42d56 -> 
========================================================================
Received Prepare
Registering precompiled user dll's ...
Registered in 0.005930 seconds.
Begin MonoManager ReloadAssembly
Native extension for WindowsStandalone target not found
Native extension for WebGL target not found
Refreshing native plugins compatible for Editor in 0.64 ms, found 3 plugins.
Preloading 0 native plugins for Editor in 0.00 ms.
Mono: successfully reloaded assembly
- Completed reload, in  1.399 seconds
Domain Reload Profiling:
	ReloadAssembly (1400ms)
		BeginReloadAssembly (145ms)
			ExecutionOrderSort (0ms)
			DisableScriptedObjects (9ms)
			BackupInstance (0ms)
			ReleaseScriptingObjects (0ms)
			CreateAndSetChildDomain (39ms)
		EndReloadAssembly (1172ms)
			LoadAssemblies (118ms)
			RebuildTransferFunctionScriptingTraits (0ms)
			SetupTypeCache (372ms)
			ReleaseScriptCaches (1ms)
			RebuildScriptCaches (57ms)
			SetupLoadedEditorAssemblies (488ms)
				LogAssemblyErrors (0ms)
				InitializePlatformSupportModulesInManaged (8ms)
				SetLoadedEditorAssemblies (1ms)
				RefreshPlugins (1ms)
				BeforeProcessingInitializeOnLoad (106ms)
				ProcessInitializeOnLoadAttributes (357ms)
				ProcessInitializeOnLoadMethodAttributes (7ms)
				AfterProcessingInitializeOnLoad (9ms)
				EditorAssembliesLoaded (0ms)
			ExecutionOrderSort2 (0ms)
			AwakeInstancesAfterBackupRestoration (14ms)
Platform modules already initialized, skipping
Refreshing native plugins compatible for Editor in 0.66 ms, found 3 plugins.
Preloading 0 native plugins for Editor in 0.00 ms.
Unloading 2083 Unused Serialized files (Serialized files now loaded: 0)
System memory in use before: 92.7 MB.
System memory in use after: 92.8 MB.

Unloading 16 unused Assets to reduce memory usage. Loaded Objects now: 2547.
Total: 2.681900 ms (FindLiveObjects: 0.209500 ms CreateObjectMapping: 0.087500 ms MarkObjects: 2.362500 ms  DeleteObjects: 0.020400 ms)

AssetImportParameters requested are different than current active one (requested -> active):
  custom:framework-win-MediaFoundation: 216162199b28c13a410421893ffa2e32 -> 
  custom:video-decoder-ogg-theora: a1e56fd34408186e4bbccfd4996cb3dc -> 
  custom:container-muxer-webm: aa71ff27fc2769a1b78a27578f13a17b -> 
  custom:container-demuxer-webm: 4f35f7cbe854078d1ac9338744f61a02 -> 
  custom:container-demuxer-ogg: 62fdf1f143b41e24485cea50d1cbac27 -> 
  custom:video-encoder-webm-vp8: eb34c28f22e8b96e1ab97ce403110664 -> 
  custom:video-decoder-webm-vp8: 9c59270c3fd7afecdb556c50c9e8de78 -> 
  custom:audio-decoder-ogg-vorbis: bf7c407c2cedff20999df2af8eb42d56 -> 
  custom:audio-encoder-webm-vorbis: bf7c407c2cedff20999df2af8eb42d56 -> 
========================================================================
Received Prepare
Registering precompiled user dll's ...
Registered in 0.005869 seconds.
Begin MonoManager ReloadAssembly
Native extension for WindowsStandalone target not found
Native extension for WebGL target not found
Refreshing native plugins compatible for Editor in 0.64 ms, found 3 plugins.
Preloading 0 native plugins for Editor in 0.00 ms.
Mono: successfully reloaded assembly
- Completed reload, in  1.379 seconds
Domain Reload Profiling:
	ReloadAssembly (1380ms)
		BeginReloadAssembly (148ms)
			ExecutionOrderSort (0ms)
			DisableScriptedObjects (9ms)
			BackupInstance (0ms)
			ReleaseScriptingObjects (0ms)
			CreateAndSetChildDomain (41ms)
		EndReloadAssembly (1138ms)
			LoadAssemblies (127ms)
			RebuildTransferFunctionScriptingTraits (0ms)
			SetupTypeCache (354ms)
			ReleaseScriptCaches (1ms)
			RebuildScriptCaches (55ms)
			SetupLoadedEditorAssemblies (477ms)
				LogAssemblyErrors (0ms)
				InitializePlatformSupportModulesInManaged (7ms)
				SetLoadedEditorAssemblies (1ms)
				RefreshPlugins (1ms)
				BeforeProcessingInitializeOnLoad (104ms)
				ProcessInitializeOnLoadAttributes (347ms)
				ProcessInitializeOnLoadMethodAttributes (8ms)
				AfterProcessingInitializeOnLoad (9ms)
				EditorAssembliesLoaded (0ms)
			ExecutionOrderSort2 (0ms)
			AwakeInstancesAfterBackupRestoration (13ms)
Platform modules already initialized, skipping
Refreshing native plugins compatible for Editor in 0.64 ms, found 3 plugins.
Preloading 0 native plugins for Editor in 0.00 ms.
Unloading 2083 Unused Serialized files (Serialized files now loaded: 0)
System memory in use before: 92.7 MB.
System memory in use after: 92.9 MB.

Unloading 16 unused Assets to reduce memory usage. Loaded Objects now: 2550.
Total: 2.761600 ms (FindLiveObjects: 0.218100 ms CreateObjectMapping: 0.087100 ms MarkObjects: 2.430800 ms  DeleteObjects: 0.023700 ms)

AssetImportParameters requested are different than current active one (requested -> active):
  custom:framework-win-MediaFoundation: 216162199b28c13a410421893ffa2e32 -> 
  custom:video-decoder-ogg-theora: a1e56fd34408186e4bbccfd4996cb3dc -> 
  custom:container-muxer-webm: aa71ff27fc2769a1b78a27578f13a17b -> 
  custom:container-demuxer-webm: 4f35f7cbe854078d1ac9338744f61a02 -> 
  custom:container-demuxer-ogg: 62fdf1f143b41e24485cea50d1cbac27 -> 
  custom:video-encoder-webm-vp8: eb34c28f22e8b96e1ab97ce403110664 -> 
  custom:video-decoder-webm-vp8: 9c59270c3fd7afecdb556c50c9e8de78 -> 
  custom:audio-decoder-ogg-vorbis: bf7c407c2cedff20999df2af8eb42d56 -> 
  custom:audio-encoder-webm-vorbis: bf7c407c2cedff20999df2af8eb42d56 -> 
========================================================================
Received Prepare
Registering precompiled user dll's ...
Registered in 0.005527 seconds.
Begin MonoManager ReloadAssembly
Native extension for WindowsStandalone target not found
Native extension for WebGL target not found
Refreshing native plugins compatible for Editor in 0.67 ms, found 3 plugins.
Preloading 0 native plugins for Editor in 0.00 ms.
Mono: successfully reloaded assembly
- Completed reload, in  1.405 seconds
Domain Reload Profiling:
	ReloadAssembly (1405ms)
		BeginReloadAssembly (148ms)
			ExecutionOrderSort (0ms)
			DisableScriptedObjects (8ms)
			BackupInstance (0ms)
			ReleaseScriptingObjects (0ms)
			CreateAndSetChildDomain (39ms)
		EndReloadAssembly (1163ms)
			LoadAssemblies (126ms)
			RebuildTransferFunctionScriptingTraits (0ms)
			SetupTypeCache (349ms)
			ReleaseScriptCaches (1ms)
			RebuildScriptCaches (60ms)
			SetupLoadedEditorAssemblies (491ms)
				LogAssemblyErrors (0ms)
				InitializePlatformSupportModulesInManaged (8ms)
				SetLoadedEditorAssemblies (1ms)
				RefreshPlugins (1ms)
				BeforeProcessingInitializeOnLoad (112ms)
				ProcessInitializeOnLoadAttributes (354ms)
				ProcessInitializeOnLoadMethodAttributes (6ms)
				AfterProcessingInitializeOnLoad (9ms)
				EditorAssembliesLoaded (0ms)
			ExecutionOrderSort2 (0ms)
			AwakeInstancesAfterBackupRestoration (15ms)
Platform modules already initialized, skipping
Refreshing native plugins compatible for Editor in 0.65 ms, found 3 plugins.
Preloading 0 native plugins for Editor in 0.00 ms.
Unloading 2083 Unused Serialized files (Serialized files now loaded: 0)
System memory in use before: 92.7 MB.
System memory in use after: 92.9 MB.

Unloading 16 unused Assets to reduce memory usage. Loaded Objects now: 2553.
Total: 2.872000 ms (FindLiveObjects: 0.205000 ms CreateObjectMapping: 0.087700 ms MarkObjects: 2.552700 ms  DeleteObjects: 0.024900 ms)

AssetImportParameters requested are different than current active one (requested -> active):
  custom:framework-win-MediaFoundation: 216162199b28c13a410421893ffa2e32 -> 
  custom:video-decoder-ogg-theora: a1e56fd34408186e4bbccfd4996cb3dc -> 
  custom:container-muxer-webm: aa71ff27fc2769a1b78a27578f13a17b -> 
  custom:container-demuxer-webm: 4f35f7cbe854078d1ac9338744f61a02 -> 
  custom:container-demuxer-ogg: 62fdf1f143b41e24485cea50d1cbac27 -> 
  custom:video-encoder-webm-vp8: eb34c28f22e8b96e1ab97ce403110664 -> 
  custom:video-decoder-webm-vp8: 9c59270c3fd7afecdb556c50c9e8de78 -> 
  custom:audio-decoder-ogg-vorbis: bf7c407c2cedff20999df2af8eb42d56 -> 
  custom:audio-encoder-webm-vorbis: bf7c407c2cedff20999df2af8eb42d56 -> 
========================================================================
Received Prepare
Registering precompiled user dll's ...
Registered in 0.005418 seconds.
Begin MonoManager ReloadAssembly
Native extension for WindowsStandalone target not found
Native extension for WebGL target not found
Refreshing native plugins compatible for Editor in 0.61 ms, found 3 plugins.
Preloading 0 native plugins for Editor in 0.00 ms.
Mono: successfully reloaded assembly
- Completed reload, in  1.379 seconds
Domain Reload Profiling:
	ReloadAssembly (1380ms)
		BeginReloadAssembly (138ms)
			ExecutionOrderSort (0ms)
			DisableScriptedObjects (8ms)
			BackupInstance (0ms)
			ReleaseScriptingObjects (0ms)
			CreateAndSetChildDomain (39ms)
		EndReloadAssembly (1163ms)
			LoadAssemblies (111ms)
			RebuildTransferFunctionScriptingTraits (0ms)
			SetupTypeCache (364ms)
			ReleaseScriptCaches (1ms)
			RebuildScriptCaches (56ms)
			SetupLoadedEditorAssemblies (491ms)
				LogAssemblyErrors (0ms)
				InitializePlatformSupportModulesInManaged (7ms)
				SetLoadedEditorAssemblies (1ms)
				RefreshPlugins (1ms)
				BeforeProcessingInitializeOnLoad (103ms)
				ProcessInitializeOnLoadAttributes (362ms)
				ProcessInitializeOnLoadMethodAttributes (7ms)
				AfterProcessingInitializeOnLoad (11ms)
				EditorAssembliesLoaded (0ms)
			ExecutionOrderSort2 (0ms)
			AwakeInstancesAfterBackupRestoration (14ms)
Platform modules already initialized, skipping
Refreshing native plugins compatible for Editor in 0.64 ms, found 3 plugins.
Preloading 0 native plugins for Editor in 0.00 ms.
Unloading 2083 Unused Serialized files (Serialized files now loaded: 0)
System memory in use before: 92.8 MB.
System memory in use after: 92.9 MB.

Unloading 16 unused Assets to reduce memory usage. Loaded Objects now: 2556.
Total: 2.700900 ms (FindLiveObjects: 0.197600 ms CreateObjectMapping: 0.095200 ms MarkObjects: 2.364700 ms  DeleteObjects: 0.041900 ms)

AssetImportParameters requested are different than current active one (requested -> active):
  custom:framework-win-MediaFoundation: 216162199b28c13a410421893ffa2e32 -> 
  custom:video-decoder-ogg-theora: a1e56fd34408186e4bbccfd4996cb3dc -> 
  custom:container-muxer-webm: aa71ff27fc2769a1b78a27578f13a17b -> 
  custom:container-demuxer-webm: 4f35f7cbe854078d1ac9338744f61a02 -> 
  custom:container-demuxer-ogg: 62fdf1f143b41e24485cea50d1cbac27 -> 
  custom:video-encoder-webm-vp8: eb34c28f22e8b96e1ab97ce403110664 -> 
  custom:video-decoder-webm-vp8: 9c59270c3fd7afecdb556c50c9e8de78 -> 
  custom:audio-decoder-ogg-vorbis: bf7c407c2cedff20999df2af8eb42d56 -> 
  custom:audio-encoder-webm-vorbis: bf7c407c2cedff20999df2af8eb42d56 -> 
========================================================================
Received Import Request.
  Time since last request: 487.422138 seconds.
  path: Assets/Art/Tiles/FloorBricksToGrassCorner_0.asset
  artifactKey: Guid(d522f2bfcd7d83742992ed922da10eb9) Importer(815301076,1909f56bfc062723c751e8b465ee728b)
Start importing Assets/Art/Tiles/FloorBricksToGrassCorner_0.asset using Guid(d522f2bfcd7d83742992ed922da10eb9) Importer(815301076,1909f56bfc062723c751e8b465ee728b)  -> (artifact id: 'cfa9b5c80b1d66a7b6043af3c96c8b16') in 0.097874 seconds 
  Import took 0.102810 seconds .

========================================================================
Received Import Request.
  Time since last request: 0.000222 seconds.
  path: Assets/Art/Tiles/FloorBricksToGrassCorner_2.asset
  artifactKey: Guid(a7e7092d917c07b46b4156ef943dea2b) Importer(815301076,1909f56bfc062723c751e8b465ee728b)
Start importing Assets/Art/Tiles/FloorBricksToGrassCorner_2.asset using Guid(a7e7092d917c07b46b4156ef943dea2b) Importer(815301076,1909f56bfc062723c751e8b465ee728b)  -> (artifact id: '066959f61f02636003dd1c78595efaca') in 0.016718 seconds 
  Import took 0.021467 seconds .

========================================================================
Received Import Request.
  Time since last request: 0.000315 seconds.
  path: Assets/Art/Tiles/FloorGrassToBricksCorner_5.asset
  artifactKey: Guid(cdc5f648e90fffa44b5e01b4391740ab) Importer(815301076,1909f56bfc062723c751e8b465ee728b)
Start importing Assets/Art/Tiles/FloorGrassToBricksCorner_5.asset using Guid(cdc5f648e90fffa44b5e01b4391740ab) Importer(815301076,1909f56bfc062723c751e8b465ee728b)  -> (artifact id: 'c40b34fd0502c40e49430146f1113432') in 0.015874 seconds 
  Import took 0.020570 seconds .

========================================================================
Received Import Request.
  Time since last request: 0.000343 seconds.
  path: Assets/Art/Tiles/FloorBricksToGrassCorner_3.asset
  artifactKey: Guid(deb5643fba3bcbc48ba442613026ba55) Importer(815301076,1909f56bfc062723c751e8b465ee728b)
Start importing Assets/Art/Tiles/FloorBricksToGrassCorner_3.asset using Guid(deb5643fba3bcbc48ba442613026ba55) Importer(815301076,1909f56bfc062723c751e8b465ee728b)  -> (artifact id: '982a80ae1a70c3933aa57d0a55c94841') in 0.012935 seconds 
  Import took 0.017572 seconds .

========================================================================
Received Import Request.
  Time since last request: 0.000252 seconds.
  path: Assets/Art/Tiles/FloorBricksToGrassCorner_5.asset
  artifactKey: Guid(fd3f46fa59f17714fa59c0949e9c60d1) Importer(815301076,1909f56bfc062723c751e8b465ee728b)
Start importing Assets/Art/Tiles/FloorBricksToGrassCorner_5.asset using Guid(fd3f46fa59f17714fa59c0949e9c60d1) Importer(815301076,1909f56bfc062723c751e8b465ee728b)  -> (artifact id: '94bb0731dce68e9eb6dd5430ffb9b4cb') in 0.011461 seconds 
  Import took 0.015918 seconds .

========================================================================
Received Import Request.
  Time since last request: 0.000276 seconds.
  path: Assets/Art/Tiles/FloorGrassToBricksCorner_0.asset
  artifactKey: Guid(54a33dd4b34405540942e35d5d43a123) Importer(815301076,1909f56bfc062723c751e8b465ee728b)
Start importing Assets/Art/Tiles/FloorGrassToBricksCorner_0.asset using Guid(54a33dd4b34405540942e35d5d43a123) Importer(815301076,1909f56bfc062723c751e8b465ee728b)  -> (artifact id: '9e8fcad16863a7d1780f6eb25a294a8a') in 0.012459 seconds 
  Import took 0.016748 seconds .

========================================================================
Received Import Request.
  Time since last request: 0.000230 seconds.
  path: Assets/Art/Tiles/FloorBricksToGrassSquare_5.asset
  artifactKey: Guid(edcd9084690d8574d86efa70d0a6499a) Importer(815301076,1909f56bfc062723c751e8b465ee728b)
Start importing Assets/Art/Tiles/FloorBricksToGrassSquare_5.asset using Guid(edcd9084690d8574d86efa70d0a6499a) Importer(815301076,1909f56bfc062723c751e8b465ee728b)  -> (artifact id: 'edbe8ae7140186e36b196b99482ffed5') in 0.012309 seconds 
  Import took 0.016976 seconds .

========================================================================
Received Import Request.
  Time since last request: 0.000295 seconds.
  path: Assets/Art/Tiles/FloorGrassToBricksCorner_3.asset
  artifactKey: Guid(2948ac92f79987347ae33a1b5ab23300) Importer(815301076,1909f56bfc062723c751e8b465ee728b)
Start importing Assets/Art/Tiles/FloorGrassToBricksCorner_3.asset using Guid(2948ac92f79987347ae33a1b5ab23300) Importer(815301076,1909f56bfc062723c751e8b465ee728b)  -> (artifact id: '4084c508a14ccb0642a31047fd79a852') in 0.012716 seconds 
  Import took 0.016301 seconds .

========================================================================
Received Import Request.
  Time since last request: 0.000236 seconds.
  path: Assets/Art/Tiles/FloorGrassToBricksCorner_8.asset
  artifactKey: Guid(555b920acdec4b44da52b6511f7390ae) Importer(815301076,1909f56bfc062723c751e8b465ee728b)
Start importing Assets/Art/Tiles/FloorGrassToBricksCorner_8.asset using Guid(555b920acdec4b44da52b6511f7390ae) Importer(815301076,1909f56bfc062723c751e8b465ee728b)  -> (artifact id: '1b3b5a155d2a1d74932af4de4821bc14') in 0.012174 seconds 
  Import took 0.015908 seconds .

========================================================================
Received Import Request.
  Time since last request: 0.000227 seconds.
  path: Assets/Art/Tiles/FloorGrassToBricksCorner_6.asset
  artifactKey: Guid(274929063b5b4924e8b116443461bbc1) Importer(815301076,1909f56bfc062723c751e8b465ee728b)
Start importing Assets/Art/Tiles/FloorGrassToBricksCorner_6.asset using Guid(274929063b5b4924e8b116443461bbc1) Importer(815301076,1909f56bfc062723c751e8b465ee728b)  -> (artifact id: '6a5a379d0bd328859cac3e46e34151ba') in 0.012729 seconds 
  Import took 0.018008 seconds .

========================================================================
Received Import Request.
  Time since last request: 0.000334 seconds.
  path: Assets/Art/Tiles/FloorGrassToBricksSquare_6.asset
  artifactKey: Guid(b315fcb0a5731e44d92fae8feac15f20) Importer(815301076,1909f56bfc062723c751e8b465ee728b)
Start importing Assets/Art/Tiles/FloorGrassToBricksSquare_6.asset using Guid(b315fcb0a5731e44d92fae8feac15f20) Importer(815301076,1909f56bfc062723c751e8b465ee728b)  -> (artifact id: '668c5bd7eb05798ae21d705c87a59470') in 0.012153 seconds 
  Import took 0.016012 seconds .

========================================================================
Received Import Request.
  Time since last request: 0.000230 seconds.
  path: Assets/Art/Tiles/FloorGrassToBricksCorner_7.asset
  artifactKey: Guid(382cb3fa82f8e424fbebeeb872dc4490) Importer(815301076,1909f56bfc062723c751e8b465ee728b)
Start importing Assets/Art/Tiles/FloorGrassToBricksCorner_7.asset using Guid(382cb3fa82f8e424fbebeeb872dc4490) Importer(815301076,1909f56bfc062723c751e8b465ee728b)  -> (artifact id: '6119839a1e11ac4a26b902770995615c') in 0.011838 seconds 
  Import took 0.015314 seconds .

========================================================================
Received Import Request.
  Time since last request: 0.000270 seconds.
  path: Assets/Art/Tiles/FloorBricksToGrassCorner_6.asset
  artifactKey: Guid(bbe8341fe1594ba4d8da30783e1dd0e6) Importer(815301076,1909f56bfc062723c751e8b465ee728b)
Start importing Assets/Art/Tiles/FloorBricksToGrassCorner_6.asset using Guid(bbe8341fe1594ba4d8da30783e1dd0e6) Importer(815301076,1909f56bfc062723c751e8b465ee728b)  -> (artifact id: 'bfd334d662c8968b2389a38458e2f4a7') in 0.012229 seconds 
  Import took 0.016701 seconds .

========================================================================
Received Import Request.
  Time since last request: 0.000266 seconds.
  path: Assets/Art/Tiles/FloorGrassToBricksSquare_0.asset
  artifactKey: Guid(0348f55988b72e249b19ed4b1c0dbd9b) Importer(815301076,1909f56bfc062723c751e8b465ee728b)
Start importing Assets/Art/Tiles/FloorGrassToBricksSquare_0.asset using Guid(0348f55988b72e249b19ed4b1c0dbd9b) Importer(815301076,1909f56bfc062723c751e8b465ee728b)  -> (artifact id: '15b0861e29d74778115f831f558ae3e3') in 0.012533 seconds 
  Import took 0.016029 seconds .

========================================================================
Received Import Request.
  Time since last request: 0.000267 seconds.
  path: Assets/Art/Tiles/FloorGrassToBricksSquare_1.asset
  artifactKey: Guid(299f324243be0dc4bad3ed3597a28611) Importer(815301076,1909f56bfc062723c751e8b465ee728b)
Start importing Assets/Art/Tiles/FloorGrassToBricksSquare_1.asset using Guid(299f324243be0dc4bad3ed3597a28611) Importer(815301076,1909f56bfc062723c751e8b465ee728b)  -> (artifact id: 'a511557937daa38d194fc28e26a11b78') in 0.014667 seconds 
  Import took 0.019662 seconds .

========================================================================
Received Import Request.
  Time since last request: 0.000311 seconds.
  path: Assets/Art/Tiles/FloorBricksToGrassCorner_1.asset
  artifactKey: Guid(aba7ff12a2a473d48832bd66b4a197f7) Importer(815301076,1909f56bfc062723c751e8b465ee728b)
Start importing Assets/Art/Tiles/FloorBricksToGrassCorner_1.asset using Guid(aba7ff12a2a473d48832bd66b4a197f7) Importer(815301076,1909f56bfc062723c751e8b465ee728b)  -> (artifact id: 'e7e73b0205e94dea55e403c20f54b9bd') in 0.012500 seconds 
  Import took 0.016547 seconds .

========================================================================
Received Import Request.
  Time since last request: 0.000240 seconds.
  path: Assets/Art/Tiles/FloorBricksToGrassSquare_6.asset
  artifactKey: Guid(5f6036c81813b8d4d92cb665400c014d) Importer(815301076,1909f56bfc062723c751e8b465ee728b)
Start importing Assets/Art/Tiles/FloorBricksToGrassSquare_6.asset using Guid(5f6036c81813b8d4d92cb665400c014d) Importer(815301076,1909f56bfc062723c751e8b465ee728b)  -> (artifact id: 'c2e79d973e907a88c86a1cef068b9069') in 0.012050 seconds 
  Import took 0.016247 seconds .

========================================================================
Received Import Request.
  Time since last request: 0.000363 seconds.
  path: Assets/Art/Tiles/FloorBricksToGrassSquare_0.asset
  artifactKey: Guid(f82221efadcc61d4db76731284ea7eba) Importer(815301076,1909f56bfc062723c751e8b465ee728b)
Start importing Assets/Art/Tiles/FloorBricksToGrassSquare_0.asset using Guid(f82221efadcc61d4db76731284ea7eba) Importer(815301076,1909f56bfc062723c751e8b465ee728b)  -> (artifact id: '6bb060ef27bcb33b7ac8e9502beb5809') in 0.012911 seconds 
  Import took 0.017119 seconds .

========================================================================
Received Import Request.
  Time since last request: 0.000267 seconds.
  path: Assets/Art/Tiles/FloorGrassToBricksSquare_7.asset
  artifactKey: Guid(0451f306ec096754fa556056411dd59a) Importer(815301076,1909f56bfc062723c751e8b465ee728b)
Start importing Assets/Art/Tiles/FloorGrassToBricksSquare_7.asset using Guid(0451f306ec096754fa556056411dd59a) Importer(815301076,1909f56bfc062723c751e8b465ee728b)  -> (artifact id: '55fdd6bdc40f998bd13567426a91ee38') in 0.013150 seconds 
  Import took 0.016935 seconds .

========================================================================
Received Import Request.
  Time since last request: 0.000232 seconds.
  path: Assets/Art/Tiles/FloorBricksToGrassSquare_4.asset
  artifactKey: Guid(f0c8c85245cebda4da9599ecbfed9629) Importer(815301076,1909f56bfc062723c751e8b465ee728b)
Start importing Assets/Art/Tiles/FloorBricksToGrassSquare_4.asset using Guid(f0c8c85245cebda4da9599ecbfed9629) Importer(815301076,1909f56bfc062723c751e8b465ee728b)  -> (artifact id: '2bec53d70e2cca5be4d6ea2191318b40') in 0.012864 seconds 
  Import took 0.018688 seconds .

========================================================================
Received Import Request.
  Time since last request: 0.000334 seconds.
  path: Assets/Art/Tiles/FloorBricksToGrassCorner_4.asset
  artifactKey: Guid(023a7d342eaa1ca4d94009b07b092736) Importer(815301076,1909f56bfc062723c751e8b465ee728b)
Start importing Assets/Art/Tiles/FloorBricksToGrassCorner_4.asset using Guid(023a7d342eaa1ca4d94009b07b092736) Importer(815301076,1909f56bfc062723c751e8b465ee728b)  -> (artifact id: '3d2bf609c7572ab7e14e9eaa9c2ae352') in 0.011815 seconds 
  Import took 0.015700 seconds .

========================================================================
Received Import Request.
  Time since last request: 0.000282 seconds.
  path: Assets/Art/Tiles/FloorGrassToBricksSquare_3.asset
  artifactKey: Guid(d240457a7903ca640aea3917f1055bcc) Importer(815301076,1909f56bfc062723c751e8b465ee728b)
Start importing Assets/Art/Tiles/FloorGrassToBricksSquare_3.asset using Guid(d240457a7903ca640aea3917f1055bcc) Importer(815301076,1909f56bfc062723c751e8b465ee728b)  -> (artifact id: 'f43fc04777012784949fe060dfd038b2') in 0.011690 seconds 
  Import took 0.015287 seconds .

========================================================================
Received Import Request.
  Time since last request: 0.000213 seconds.
  path: Assets/Art/Tiles/FloorGrassToBricksCorner_1.asset
  artifactKey: Guid(64e054b5f546d8d46b9c19d5b70ea080) Importer(815301076,1909f56bfc062723c751e8b465ee728b)
Start importing Assets/Art/Tiles/FloorGrassToBricksCorner_1.asset using Guid(64e054b5f546d8d46b9c19d5b70ea080) Importer(815301076,1909f56bfc062723c751e8b465ee728b)  -> (artifact id: '48e29a3b6309ca354cdae49f717e8302') in 0.013028 seconds 
  Import took 0.017438 seconds .

========================================================================
Received Import Request.
  Time since last request: 0.000251 seconds.
  path: Assets/Art/Tiles/FloorBricksToGrassSquare_2.asset
  artifactKey: Guid(f559bb5911b63614f847a4c0791f98ba) Importer(815301076,1909f56bfc062723c751e8b465ee728b)
Start importing Assets/Art/Tiles/FloorBricksToGrassSquare_2.asset using Guid(f559bb5911b63614f847a4c0791f98ba) Importer(815301076,1909f56bfc062723c751e8b465ee728b)  -> (artifact id: 'fec3fd3869d7af086826f5e95aff0a67') in 0.012201 seconds 
  Import took 0.016703 seconds .

========================================================================
Received Import Request.
  Time since last request: 0.000314 seconds.
  path: Assets/Art/Tiles/FloorGrassToBricksSquare_8.asset
  artifactKey: Guid(df38787a335518240b4ac8d96383214d) Importer(815301076,1909f56bfc062723c751e8b465ee728b)
Start importing Assets/Art/Tiles/FloorGrassToBricksSquare_8.asset using Guid(df38787a335518240b4ac8d96383214d) Importer(815301076,1909f56bfc062723c751e8b465ee728b)  -> (artifact id: 'fe120937d02a75bba1c580cf82603433') in 0.012150 seconds 
  Import took 0.016360 seconds .

========================================================================
Received Import Request.
  Time since last request: 0.000287 seconds.
  path: Assets/Art/Tiles/FloorBricksToGrassCorner_7.asset
  artifactKey: Guid(c2ae47c1754a22b40960120e376a487a) Importer(815301076,1909f56bfc062723c751e8b465ee728b)
Start importing Assets/Art/Tiles/FloorBricksToGrassCorner_7.asset using Guid(c2ae47c1754a22b40960120e376a487a) Importer(815301076,1909f56bfc062723c751e8b465ee728b)  -> (artifact id: '0ce1a043f99cc77a78e0539ccf4ec839') in 0.011867 seconds 
  Import took 0.016747 seconds .

========================================================================
Received Import Request.
  Time since last request: 0.000248 seconds.
  path: Assets/Art/Tiles/FloorGrassToBricksSquare_5.asset
  artifactKey: Guid(e5f640c689d00914aad57272699867c5) Importer(815301076,1909f56bfc062723c751e8b465ee728b)
Start importing Assets/Art/Tiles/FloorGrassToBricksSquare_5.asset using Guid(e5f640c689d00914aad57272699867c5) Importer(815301076,1909f56bfc062723c751e8b465ee728b)  -> (artifact id: '16b9165f169fe1454cc46518bd738ab6') in 0.012157 seconds 
  Import took 0.016692 seconds .

========================================================================
Received Import Request.
  Time since last request: 0.000296 seconds.
  path: Assets/Art/Tiles/FloorBricksToGrassCorner_8.asset
  artifactKey: Guid(b1806e60ef567fe44a1ea5557d06e621) Importer(815301076,1909f56bfc062723c751e8b465ee728b)
Start importing Assets/Art/Tiles/FloorBricksToGrassCorner_8.asset using Guid(b1806e60ef567fe44a1ea5557d06e621) Importer(815301076,1909f56bfc062723c751e8b465ee728b)  -> (artifact id: '928196ee0355eab109365db63e19f1e2') in 0.011943 seconds 
  Import took 0.015691 seconds .

========================================================================
Received Import Request.
  Time since last request: 0.000245 seconds.
  path: Assets/Art/Tiles/FloorBricksToGrassSquare_3.asset
  artifactKey: Guid(8873e4a1b708fd24db3ff2e95aca1d4a) Importer(815301076,1909f56bfc062723c751e8b465ee728b)
Start importing Assets/Art/Tiles/FloorBricksToGrassSquare_3.asset using Guid(8873e4a1b708fd24db3ff2e95aca1d4a) Importer(815301076,1909f56bfc062723c751e8b465ee728b)  -> (artifact id: '0a430acc3db3c6391ac47b8361c19138') in 0.012789 seconds 
  Import took 0.016997 seconds .

========================================================================
Received Import Request.
  Time since last request: 0.000247 seconds.
  path: Assets/Art/Tiles/FloorGrassToBricksCorner_4.asset
  artifactKey: Guid(8bc33109b39853f47a862d9d4a00b8ba) Importer(815301076,1909f56bfc062723c751e8b465ee728b)
Start importing Assets/Art/Tiles/FloorGrassToBricksCorner_4.asset using Guid(8bc33109b39853f47a862d9d4a00b8ba) Importer(815301076,1909f56bfc062723c751e8b465ee728b)  -> (artifact id: '979770fa6cfc859085acf87b33efaf96') in 0.011607 seconds 
  Import took 0.014981 seconds .

========================================================================
Received Import Request.
  Time since last request: 0.000277 seconds.
  path: Assets/Art/Tiles/FloorBricksToGrassSquare_1.asset
  artifactKey: Guid(5200f805c15bcf74185f6d4fde30f629) Importer(815301076,1909f56bfc062723c751e8b465ee728b)
Start importing Assets/Art/Tiles/FloorBricksToGrassSquare_1.asset using Guid(5200f805c15bcf74185f6d4fde30f629) Importer(815301076,1909f56bfc062723c751e8b465ee728b)  -> (artifact id: '346a36ea419270ebd6ab5890d5404a81') in 0.013115 seconds 
  Import took 0.017436 seconds .

========================================================================
Received Import Request.
  Time since last request: 0.000305 seconds.
  path: Assets/Art/Tiles/FloorBricksToGrassSquare_8.asset
  artifactKey: Guid(5cd6457daade43e469400d01665956ae) Importer(815301076,1909f56bfc062723c751e8b465ee728b)
Start importing Assets/Art/Tiles/FloorBricksToGrassSquare_8.asset using Guid(5cd6457daade43e469400d01665956ae) Importer(815301076,1909f56bfc062723c751e8b465ee728b)  -> (artifact id: '5f50b98042bf4e1cb72a11a67d7f686b') in 0.011485 seconds 
  Import took 0.015020 seconds .

========================================================================
Received Import Request.
  Time since last request: 0.000308 seconds.
  path: Assets/Art/Tiles/FloorGrassToBricksCorner_2.asset
  artifactKey: Guid(bdef3f4cb4744964789d3994b0d7140d) Importer(815301076,1909f56bfc062723c751e8b465ee728b)
Start importing Assets/Art/Tiles/FloorGrassToBricksCorner_2.asset using Guid(bdef3f4cb4744964789d3994b0d7140d) Importer(815301076,1909f56bfc062723c751e8b465ee728b)  -> (artifact id: '9dcddf9b3cc595138b74108526021b0e') in 0.012877 seconds 
  Import took 0.016835 seconds .

========================================================================
Received Import Request.
  Time since last request: 0.000273 seconds.
  path: Assets/Art/Tiles/FloorBricksToGrassSquare_7.asset
  artifactKey: Guid(882a17b7cb8250e4d8bac8388b98301b) Importer(815301076,1909f56bfc062723c751e8b465ee728b)
Start importing Assets/Art/Tiles/FloorBricksToGrassSquare_7.asset using Guid(882a17b7cb8250e4d8bac8388b98301b) Importer(815301076,1909f56bfc062723c751e8b465ee728b)  -> (artifact id: '6f5193b7e33251d07a778b6a28240f37') in 0.013001 seconds 
  Import took 0.016751 seconds .

========================================================================
Received Import Request.
  Time since last request: 0.000342 seconds.
  path: Assets/Art/Tiles/FloorGrassToBricksSquare_2.asset
  artifactKey: Guid(aa1be77dd953278448e7cd8f5cb81fd3) Importer(815301076,1909f56bfc062723c751e8b465ee728b)
Start importing Assets/Art/Tiles/FloorGrassToBricksSquare_2.asset using Guid(aa1be77dd953278448e7cd8f5cb81fd3) Importer(815301076,1909f56bfc062723c751e8b465ee728b)  -> (artifact id: '8f513294ca84ba47d596bf6cfe6e182d') in 0.012257 seconds 
  Import took 0.015828 seconds .

========================================================================
Received Import Request.
  Time since last request: 0.000264 seconds.
  path: Assets/Art/Tiles/FloorGrassToBricksSquare_4.asset
  artifactKey: Guid(60c12d1da2f995d4183078111b6b8eaa) Importer(815301076,1909f56bfc062723c751e8b465ee728b)
Start importing Assets/Art/Tiles/FloorGrassToBricksSquare_4.asset using Guid(60c12d1da2f995d4183078111b6b8eaa) Importer(815301076,1909f56bfc062723c751e8b465ee728b)  -> (artifact id: '13d1cc1ceee6b0161d3e420ec3bfd595') in 0.012002 seconds 
  Import took 0.016046 seconds .

========================================================================
Received Import Request.
  Time since last request: 8.401142 seconds.
  path: Assets/Prefabs/Ruby.prefab
  artifactKey: Guid(a535b758a92974447a3cf6ccd05a857e) Importer(815301076,1909f56bfc062723c751e8b465ee728b)
Start importing Assets/Prefabs/Ruby.prefab using Guid(a535b758a92974447a3cf6ccd05a857e) Importer(815301076,1909f56bfc062723c751e8b465ee728b)  -> (artifact id: '823e0a6076c3c2d9adfb275b4f1e188c') in 0.051748 seconds 
  Import took 0.055833 seconds .

========================================================================
Received Prepare
Registering precompiled user dll's ...
Registered in 0.007251 seconds.
Begin MonoManager ReloadAssembly
Native extension for WindowsStandalone target not found
Native extension for WebGL target not found
Refreshing native plugins compatible for Editor in 0.64 ms, found 3 plugins.
Preloading 0 native plugins for Editor in 0.00 ms.
Mono: successfully reloaded assembly
- Completed reload, in  1.425 seconds
Domain Reload Profiling:
	ReloadAssembly (1425ms)
		BeginReloadAssembly (159ms)
			ExecutionOrderSort (0ms)
			DisableScriptedObjects (9ms)
			BackupInstance (0ms)
			ReleaseScriptingObjects (0ms)
			CreateAndSetChildDomain (48ms)
		EndReloadAssembly (1179ms)
			LoadAssemblies (125ms)
			RebuildTransferFunctionScriptingTraits (0ms)
			SetupTypeCache (363ms)
			ReleaseScriptCaches (1ms)
			RebuildScriptCaches (58ms)
			SetupLoadedEditorAssemblies (497ms)
				LogAssemblyErrors (0ms)
				InitializePlatformSupportModulesInManaged (7ms)
				SetLoadedEditorAssemblies (1ms)
				RefreshPlugins (1ms)
				BeforeProcessingInitializeOnLoad (106ms)
				ProcessInitializeOnLoadAttributes (366ms)
				ProcessInitializeOnLoadMethodAttributes (7ms)
				AfterProcessingInitializeOnLoad (9ms)
				EditorAssembliesLoaded (0ms)
			ExecutionOrderSort2 (0ms)
			AwakeInstancesAfterBackupRestoration (13ms)
Platform modules already initialized, skipping
Refreshing native plugins compatible for Editor in 0.66 ms, found 3 plugins.
Preloading 0 native plugins for Editor in 0.00 ms.
Unloading 2083 Unused Serialized files (Serialized files now loaded: 0)
System memory in use before: 95.8 MB.
System memory in use after: 95.9 MB.

Unloading 16 unused Assets to reduce memory usage. Loaded Objects now: 2569.
Total: 2.777400 ms (FindLiveObjects: 0.208900 ms CreateObjectMapping: 0.107900 ms MarkObjects: 2.439700 ms  DeleteObjects: 0.019300 ms)

AssetImportParameters requested are different than current active one (requested -> active):
  custom:framework-win-MediaFoundation: 216162199b28c13a410421893ffa2e32 -> 
  custom:video-decoder-ogg-theora: a1e56fd34408186e4bbccfd4996cb3dc -> 
  custom:container-muxer-webm: aa71ff27fc2769a1b78a27578f13a17b -> 
  custom:container-demuxer-webm: 4f35f7cbe854078d1ac9338744f61a02 -> 
  custom:container-demuxer-ogg: 62fdf1f143b41e24485cea50d1cbac27 -> 
  custom:video-encoder-webm-vp8: eb34c28f22e8b96e1ab97ce403110664 -> 
  custom:video-decoder-webm-vp8: 9c59270c3fd7afecdb556c50c9e8de78 -> 
  custom:audio-decoder-ogg-vorbis: bf7c407c2cedff20999df2af8eb42d56 -> 
  custom:audio-encoder-webm-vorbis: bf7c407c2cedff20999df2af8eb42d56 -> 
========================================================================
Received Import Request.
  Time since last request: 4071.382455 seconds.
  path: Assets/Prefabs/Ruby.prefab
  artifactKey: Guid(a535b758a92974447a3cf6ccd05a857e) Importer(815301076,1909f56bfc062723c751e8b465ee728b)
Start importing Assets/Prefabs/Ruby.prefab using Guid(a535b758a92974447a3cf6ccd05a857e) Importer(815301076,1909f56bfc062723c751e8b465ee728b)  -> (artifact id: 'a521db80d477d630f32b258e5cd5cae0') in 0.075140 seconds 
  Import took 0.079183 seconds .

